SF:pywapor/__init__.py
DA:1,1
DA:13,1
DA:14,1
DA:15,1
LF:4
LH:4
end_of_record
SF:pywapor/collect/__init__.py
DA:1,1
DA:7,1
LF:2
LH:2
end_of_record
SF:pywapor/collect/accounts.py
DA:1,1
DA:2,1
DA:3,1
DA:4,1
DA:5,1
DA:6,1
DA:7,1
DA:8,1
DA:9,1
DA:10,1
DA:12,1
DA:49,1
DA:50,0
DA:51,0
DA:52,0
DA:53,0
DA:54,0
DA:55,0
DA:56,0
DA:57,0
DA:58,0
DA:59,0
DA:60,0
DA:61,0
DA:62,0
DA:63,0
DA:64,0
DA:65,0
DA:67,0
DA:68,0
DA:69,0
DA:70,0
DA:72,1
DA:81,0
DA:82,0
DA:83,0
DA:84,0
DA:86,0
DA:87,0
DA:89,0
DA:90,0
DA:92,0
DA:94,0
DA:96,0
DA:97,0
DA:98,0
DA:100,0
DA:102,0
DA:103,0
DA:104,0
DA:106,0
DA:108,0
DA:110,0
DA:111,0
DA:122,0
DA:123,0
DA:125,0
DA:126,0
DA:127,0
DA:129,0
DA:130,0
DA:132,0
DA:134,0
DA:136,0
DA:137,0
DA:139,0
DA:141,1
DA:150,1
DA:151,1
DA:152,1
DA:153,1
DA:155,1
DA:156,0
DA:157,0
DA:158,0
DA:159,0
DA:160,0
DA:161,0
DA:162,0
DA:164,1
DA:165,0
DA:167,1
DA:168,1
DA:169,1
DA:171,1
DA:174,1
DA:175,1
DA:176,1
DA:177,1
DA:179,1
DA:180,0
DA:181,0
DA:182,0
DA:183,0
DA:184,0
DA:185,0
DA:187,1
DA:188,1
DA:189,1
DA:191,1
DA:193,1
DA:196,0
DA:197,0
DA:198,0
DA:200,0
DA:201,0
DA:202,0
DA:203,0
DA:204,0
DA:206,0
DA:207,0
DA:209,1
DA:211,0
DA:213,0
DA:214,0
DA:215,0
DA:217,0
DA:218,0
DA:219,0
DA:221,0
DA:222,0
DA:224,0
DA:227,1
DA:243,0
DA:244,0
DA:250,0
DA:252,0
DA:254,0
DA:256,0
DA:257,0
DA:258,0
DA:260,0
DA:262,0
DA:264,1
DA:280,0
DA:281,0
DA:282,0
DA:284,0
DA:285,0
DA:286,0
DA:287,0
DA:288,0
DA:290,0
DA:292,0
DA:293,0
DA:294,0
DA:296,0
DA:297,0
DA:298,0
DA:299,0
DA:301,0
DA:303,0
DA:305,0
DA:307,0
DA:308,0
DA:310,0
DA:311,0
DA:312,0
DA:313,0
DA:314,0
DA:316,0
DA:319,0
DA:320,0
DA:322,0
DA:323,0
DA:324,0
DA:325,0
DA:326,0
DA:328,0
DA:330,1
DA:347,0
DA:349,0
DA:350,0
DA:351,0
DA:352,0
DA:353,0
DA:354,0
DA:355,0
DA:357,0
DA:358,0
DA:360,0
DA:363,1
DA:379,0
DA:381,0
DA:382,0
DA:383,0
DA:385,0
DA:386,0
DA:387,0
DA:388,0
DA:390,0
DA:391,0
DA:393,0
DA:394,0
DA:395,0
DA:396,0
DA:397,0
DA:398,0
DA:400,0
DA:401,0
DA:403,0
DA:405,1
DA:421,0
DA:423,0
DA:425,0
DA:432,0
DA:435,0
DA:436,0
DA:438,0
DA:439,0
DA:440,0
DA:442,0
DA:443,0
DA:445,0
DA:446,0
DA:447,0
DA:448,0
DA:450,0
DA:452,1
DA:468,0
DA:470,0
DA:471,0
DA:472,0
DA:473,0
DA:474,0
DA:487,0
DA:488,0
DA:489,0
DA:490,0
DA:491,0
DA:492,0
DA:493,0
DA:494,0
DA:495,0
DA:496,0
DA:497,0
DA:498,0
DA:500,0
DA:502,0
DA:504,0
DA:506,1
DA:522,0
DA:524,0
DA:525,0
DA:526,0
DA:527,0
DA:528,0
DA:541,0
DA:542,0
DA:543,0
DA:544,0
DA:545,0
DA:546,0
DA:547,0
DA:548,0
DA:549,0
DA:550,0
DA:551,0
DA:552,0
DA:554,0
DA:556,0
DA:558,0
DA:560,1
DA:561,0
DA:562,0
DA:564,0
DA:568,0
DA:572,0
DA:576,0
DA:580,0
DA:584,0
DA:588,0
DA:592,0
LF:273
LH:43
FN:49,70,ask_pw
FNDA:0,ask_pw
FN:72,139,setup
FNDA:0,setup
FN:141,191,get
FNDA:1,get
FN:193,207,create_key
FNDA:0,create_key
FN:209,224,lsasaf_account
FNDA:0,lsasaf_account
FN:227,262,terra_account
FNDA:0,terra_account
FN:264,328,nasa_account
FNDA:0,nasa_account
FN:330,360,viirs_account
FNDA:0,viirs_account
FN:363,403,earthexplorer_account
FNDA:0,earthexplorer_account
FN:405,450,copernicus_data_space_account
FNDA:0,copernicus_data_space_account
FN:452,504,cds_account
FNDA:0,cds_account
FN:506,558,ecmwf_account
FNDA:0,ecmwf_account
FNF:12
FNH:1
end_of_record
SF:pywapor/collect/downloader.py
DA:1,1
DA:2,1
DA:3,1
DA:4,1
DA:5,1
DA:6,1
DA:7,1
DA:8,1
DA:9,1
DA:11,1
DA:12,0
DA:13,0
DA:15,0
DA:16,0
DA:17,0
DA:18,0
DA:19,0
DA:20,0
DA:21,0
DA:22,0
DA:23,0
DA:25,1
DA:50,0
DA:51,0
DA:53,0
DA:55,0
DA:57,0
DA:58,0
DA:60,0
DA:62,0
DA:65,0
DA:66,0
DA:73,0
DA:75,0
DA:76,0
DA:77,0
DA:78,0
DA:79,0
DA:80,0
DA:81,0
DA:82,0
DA:83,0
DA:84,0
DA:86,0
DA:87,0
DA:88,0
DA:90,0
DA:91,0
DA:93,0
DA:96,0
DA:97,0
DA:98,0
DA:100,0
DA:102,0
DA:103,0
DA:104,0
DA:105,0
DA:106,0
DA:107,0
DA:108,0
DA:109,0
DA:111,0
DA:112,0
DA:114,0
DA:125,0
DA:126,0
DA:128,0
DA:129,0
DA:130,0
DA:131,0
DA:133,0
DA:135,0
DA:137,0
DA:138,0
DA:139,0
DA:140,0
DA:141,0
DA:142,0
DA:143,0
DA:144,0
DA:145,0
DA:147,0
DA:148,0
DA:150,0
DA:151,0
DA:152,0
DA:154,0
DA:157,0
DA:158,0
DA:159,0
DA:161,0
DA:163,0
DA:164,0
DA:166,0
DA:168,1
DA:181,0
DA:182,0
DA:183,0
DA:184,0
DA:185,0
DA:186,0
DA:188,0
DA:189,0
DA:190,0
DA:192,0
DA:193,0
DA:195,0
DA:197,1
DA:217,0
DA:218,0
DA:219,0
DA:220,0
DA:221,0
DA:222,0
DA:223,0
DA:224,0
DA:225,0
DA:227,0
DA:228,0
DA:229,0
DA:230,0
DA:231,0
DA:232,0
DA:233,0
DA:235,1
DA:237,0
LF:126
LH:14
FN:11,23,print_ds_info
FNDA:0,print_ds_info
FN:25,166,collect_sources
FNDA:0,collect_sources
FN:168,195,reverse_sources
FNDA:0,reverse_sources
FN:197,233,trim_sources
FNDA:0,trim_sources
FNF:4
FNH:0
end_of_record
SF:pywapor/collect/product/CHIRPS.py
DA:1,1
DA:2,1
DA:3,1
DA:5,1
DA:6,1
DA:7,1
DA:8,1
DA:9,1
DA:11,1
DA:12,1
DA:13,1
DA:14,1
DA:15,1
DA:18,1
DA:36,1
DA:43,1
DA:49,1
DA:55,1
DA:58,1
DA:76,1
DA:82,1
DA:84,1
DA:87,1
DA:88,1
DA:89,1
DA:91,1
DA:92,1
DA:93,1
DA:94,1
DA:95,1
DA:96,1
DA:97,1
DA:98,1
DA:99,1
DA:100,1
DA:102,1
DA:105,1
DA:141,1
DA:143,1
DA:144,1
DA:146,1
DA:147,1
DA:148,1
DA:149,0
DA:150,0
DA:151,0
DA:152,0
DA:153,0
DA:155,1
DA:157,1
DA:158,1
DA:159,1
DA:160,1
DA:162,1
DA:163,1
DA:164,1
DA:166,1
DA:167,1
DA:169,0
DA:170,1
DA:176,1
DA:177,1
DA:179,1
DA:185,1
DA:186,1
DA:191,1
DA:192,1
DA:193,1
DA:194,1
DA:196,1
DA:200,1
DA:205,1
DA:206,1
DA:207,1
DA:209,1
DA:210,1
DA:214,1
DA:215,1
DA:217,1
DA:220,1
DA:221,1
DA:222,1
DA:223,1
DA:224,1
DA:225,0
DA:227,1
DA:228,1
DA:230,1
DA:231,1
DA:233,1
DA:234,0
DA:235,1
DA:236,0
DA:237,0
DA:240,0
DA:242,1
DA:243,1
DA:245,1
DA:247,1
DA:249,1
DA:250,1
DA:251,0
DA:253,1
LF:103
LH:91
FN:18,55,default_vars
FNDA:1,default_vars
FN:58,84,default_post_processors
FNDA:1,default_post_processors
FN:87,102,most_recent
FNDA:1,most_recent
FN:105,253,download
FNDA:1,download
FN:191,194,download._snap_point
FNDA:1,download._snap_point
FNF:5
FNH:5
end_of_record
SF:pywapor/collect/product/COPERNICUS.py
DA:1,1
DA:2,1
DA:3,1
DA:4,1
DA:6,1
DA:7,1
DA:9,1
DA:10,1
DA:11,1
DA:12,1
DA:13,1
DA:14,1
DA:17,1
DA:35,1
DA:38,1
DA:39,1
DA:42,1
DA:45,1
DA:46,1
DA:47,1
DA:48,1
DA:49,1
DA:50,1
DA:51,1
DA:52,1
DA:53,1
DA:54,1
DA:57,1
DA:72,1
DA:76,1
DA:79,1
DA:97,1
DA:108,1
DA:121,1
DA:127,1
DA:130,1
DA:148,1
DA:161,1
DA:163,1
DA:166,1
DA:167,1
DA:168,1
DA:169,1
DA:170,1
DA:173,1
DA:210,1
DA:212,1
DA:213,1
DA:214,1
DA:215,1
DA:216,1
DA:217,0
DA:218,1
DA:219,0
DA:221,1
DA:223,1
DA:224,1
DA:225,1
DA:226,1
DA:227,1
DA:229,1
DA:231,1
DA:232,1
DA:234,1
DA:235,1
DA:237,0
DA:238,1
DA:244,1
DA:246,1
DA:247,1
DA:249,1
DA:253,1
DA:254,1
DA:258,1
DA:266,1
DA:269,1
DA:272,1
DA:274,1
DA:275,1
DA:277,1
DA:279,1
DA:282,1
DA:283,0
DA:284,0
DA:290,0
DA:291,0
DA:293,0
DA:294,0
DA:295,0
DA:297,0
DA:299,0
LF:91
LH:79
FN:17,54,tiles_intersect
FNDA:1,tiles_intersect
FN:57,76,url_func
FNDA:1,url_func
FN:79,127,default_vars
FNDA:1,default_vars
FN:130,163,default_post_processors
FNDA:1,default_post_processors
FN:166,170,most_recent
FNDA:1,most_recent
FN:173,279,download
FNDA:1,download
FNF:6
FNH:6
end_of_record
SF:pywapor/collect/product/ERA5.py
DA:1,1
DA:2,1
DA:3,1
DA:5,1
DA:6,1
DA:8,1
DA:9,1
DA:10,1
DA:11,1
DA:12,1
DA:13,1
DA:16,1
DA:34,1
DA:122,1
DA:151,1
DA:157,1
DA:160,1
DA:161,1
DA:162,1
DA:165,1
DA:183,1
DA:218,1
DA:220,1
DA:223,1
DA:224,1
DA:225,1
DA:226,1
DA:227,1
DA:228,1
DA:231,1
DA:267,1
DA:269,1
DA:270,1
DA:272,1
DA:273,1
DA:274,0
DA:275,0
DA:276,0
DA:278,0
DA:280,1
DA:281,1
DA:282,1
DA:286,1
DA:287,1
DA:289,1
DA:290,1
DA:292,1
DA:293,1
DA:295,0
DA:296,0
DA:301,1
DA:311,1
DA:314,1
DA:315,1
DA:316,0
DA:317,0
DA:318,0
DA:321,0
DA:322,0
DA:325,0
DA:326,0
DA:328,0
DA:330,0
LF:63
LH:48
FN:16,157,default_vars
FNDA:1,default_vars
FN:160,162,jouleperday_to_watt
FNDA:1,jouleperday_to_watt
FN:165,220,default_post_processors
FNDA:1,default_post_processors
FN:223,228,most_recent
FNDA:1,most_recent
FN:231,311,download
FNDA:1,download
FNF:5
FNH:5
end_of_record
SF:pywapor/collect/product/GEOS5.py
DA:1,1
DA:2,1
DA:3,1
DA:4,1
DA:6,1
DA:7,1
DA:8,1
DA:10,1
DA:11,1
DA:12,1
DA:13,1
DA:14,1
DA:15,1
DA:18,1
DA:36,1
DA:71,1
DA:109,1
DA:115,1
DA:118,1
DA:136,1
DA:182,1
DA:184,1
DA:187,1
DA:188,1
DA:190,1
DA:191,1
DA:192,1
DA:194,1
DA:197,1
DA:234,1
DA:236,1
DA:237,1
DA:239,1
DA:240,1
DA:241,1
DA:242,0
DA:243,1
DA:244,0
DA:245,0
DA:246,0
DA:248,0
DA:250,1
DA:251,1
DA:252,1
DA:253,1
DA:255,1
DA:257,1
DA:258,1
DA:260,1
DA:261,1
DA:263,0
DA:264,0
DA:270,1
DA:272,1
DA:274,1
DA:276,1
DA:286,1
DA:289,1
DA:290,0
DA:292,0
DA:311,0
DA:312,0
DA:314,0
DA:315,0
DA:316,0
DA:318,0
LF:66
LH:51
FN:18,115,default_vars
FNDA:1,default_vars
FN:118,184,default_post_processors
FNDA:1,default_post_processors
FN:187,194,most_recent
FNDA:1,most_recent
FN:197,286,download
FNDA:1,download
FNF:4
FNH:4
end_of_record
SF:pywapor/collect/product/GLOBCOVER.py
DA:1,1
DA:2,1
DA:3,1
DA:5,1
DA:6,1
DA:7,1
DA:10,1
DA:27,1
DA:34,1
DA:44,1
DA:50,1
DA:53,1
DA:54,0
DA:57,1
DA:75,1
DA:113,1
DA:115,1
DA:118,1
DA:131,1
DA:134,1
DA:135,1
DA:138,1
DA:175,1
DA:177,1
DA:178,1
DA:179,1
DA:180,0
DA:181,0
DA:182,0
DA:183,0
DA:184,0
DA:186,0
DA:188,1
DA:189,1
DA:190,1
DA:191,1
DA:193,1
DA:195,1
DA:196,1
DA:198,1
DA:199,1
DA:201,0
DA:202,0
DA:208,1
DA:212,1
DA:215,1
DA:216,0
DA:218,0
DA:219,0
DA:220,0
DA:221,0
DA:222,0
DA:223,0
DA:225,0
LF:54
LH:37
FN:10,50,default_vars
FNDA:1,default_vars
FN:53,54,remove_var
FNDA:0,remove_var
FN:57,115,default_post_processors
FNDA:1,default_post_processors
FN:118,131,url_func
FNDA:1,url_func
FN:134,135,most_recent
FNDA:1,most_recent
FN:138,212,download
FNDA:1,download
FNF:6
FNH:5
end_of_record
SF:pywapor/collect/product/LANDSAT.py
DA:20,1
DA:21,1
DA:22,1
DA:23,1
DA:24,1
DA:25,1
DA:26,1
DA:27,1
DA:28,1
DA:29,1
DA:30,1
DA:32,1
DA:33,1
DA:34,1
DA:35,1
DA:36,1
DA:37,1
DA:38,1
DA:40,1
DA:41,1
DA:42,1
DA:43,1
DA:44,1
DA:45,1
DA:46,1
DA:55,1
DA:71,1
DA:102,1
DA:103,1
DA:104,1
DA:105,1
DA:108,1
DA:115,0
DA:118,1
DA:121,1
DA:138,1
DA:139,1
DA:140,1
DA:142,1
DA:145,1
DA:148,1
DA:149,1
DA:150,1
DA:152,0
DA:153,1
DA:156,1
DA:157,1
DA:158,1
DA:167,1
DA:170,1
DA:173,1
DA:174,1
DA:176,1
DA:177,1
DA:180,1
DA:181,1
DA:183,1
DA:185,1
DA:186,1
DA:189,1
DA:190,1
DA:191,1
DA:193,1
DA:194,1
DA:195,1
DA:197,1
DA:200,1
DA:201,1
DA:202,1
DA:203,1
DA:204,1
DA:207,1
DA:210,1
DA:211,1
DA:213,1
DA:644,1
DA:741,1
DA:747,1
DA:750,1
DA:751,1
DA:822,1
DA:824,1
DA:827,1
DA:830,1
DA:831,1
DA:832,1
DA:835,1
DA:838,1
DA:839,1
DA:840,1
DA:841,1
DA:842,0
DA:843,1
DA:844,1
DA:845,0
DA:846,0
DA:847,0
DA:849,1
DA:852,1
DA:853,1
DA:855,1
DA:857,1
DA:858,1
DA:859,1
DA:860,1
DA:864,1
DA:865,1
DA:866,1
DA:867,1
DA:868,1
DA:869,1
DA:870,1
DA:871,1
DA:872,1
DA:873,1
DA:875,1
DA:877,1
DA:882,1
DA:890,1
DA:892,1
DA:895,1
DA:896,1
DA:898,0
DA:900,0
DA:901,0
DA:902,0
DA:904,0
DA:905,0
DA:906,0
DA:910,0
DA:911,0
DA:912,0
DA:913,0
DA:914,0
DA:916,0
DA:918,0
DA:920,0
DA:922,0
DA:925,1
DA:926,1
DA:927,1
DA:928,1
DA:929,1
DA:930,1
DA:933,1
DA:934,1
DA:935,1
DA:936,1
DA:943,1
DA:954,1
DA:959,1
DA:960,0
DA:961,1
DA:964,1
DA:967,1
DA:978,1
DA:979,1
DA:983,1
DA:985,1
DA:987,1
DA:989,1
DA:990,1
DA:991,1
DA:992,1
DA:993,1
DA:995,1
DA:996,1
DA:997,1
DA:999,1
DA:1000,1
DA:1002,1
DA:1003,1
DA:1008,1
DA:1009,1
DA:1010,1
DA:1011,1
DA:1016,0
DA:1017,0
DA:1018,1
DA:1023,0
DA:1024,0
DA:1025,1
DA:1030,0
DA:1031,0
DA:1032,1
DA:1037,0
DA:1038,0
DA:1039,1
DA:1044,0
DA:1045,0
DA:1046,0
DA:1047,0
DA:1050,1
DA:1055,0
DA:1056,0
DA:1057,1
DA:1062,0
DA:1063,0
DA:1064,0
DA:1065,0
DA:1068,1
DA:1073,0
DA:1074,0
DA:1075,0
DA:1076,0
DA:1079,1
DA:1082,0
DA:1083,0
DA:1085,1
DA:1087,1
DA:1090,1
DA:1099,1
DA:1107,1
DA:1109,1
DA:1112,1
DA:1113,1
DA:1114,1
DA:1115,1
DA:1117,1
DA:1120,1
DA:1121,0
DA:1122,0
DA:1125,0
DA:1128,1
DA:1142,1
DA:1143,0
DA:1146,1
DA:1147,1
DA:1148,1
DA:1149,1
DA:1150,1
DA:1151,1
DA:1153,1
DA:1166,1
DA:1167,1
DA:1171,1
DA:1174,1
DA:1175,1
DA:1179,1
DA:1180,0
DA:1182,1
DA:1183,1
DA:1185,1
DA:1186,1
DA:1187,1
DA:1189,1
DA:1190,1
DA:1191,1
DA:1193,1
DA:1194,1
DA:1195,1
DA:1197,1
DA:1198,1
DA:1200,1
DA:1206,1
DA:1207,1
DA:1208,1
DA:1211,1
DA:1212,1
DA:1219,1
DA:1220,1
DA:1223,1
DA:1226,1
DA:1227,1
DA:1228,1
DA:1229,1
DA:1232,1
DA:1233,1
DA:1234,1
DA:1237,1
DA:1238,1
DA:1240,1
DA:1243,1
DA:1246,1
DA:1248,1
DA:1250,1
DA:1252,1
DA:1253,1
DA:1254,1
DA:1257,1
DA:1258,1
DA:1265,1
DA:1266,1
DA:1268,1
DA:1271,1
DA:1274,1
DA:1276,1
DA:1277,1
DA:1279,1
DA:1282,1
DA:1283,1
DA:1286,1
DA:1289,1
DA:1292,1
DA:1293,1
DA:1295,1
DA:1298,1
DA:1299,1
DA:1303,1
DA:1307,1
DA:1310,1
DA:1360,1
DA:1362,1
DA:1363,1
DA:1365,1
DA:1366,1
DA:1368,1
DA:1369,1
DA:1371,1
DA:1372,1
DA:1373,1
DA:1374,0
DA:1375,0
DA:1376,0
DA:1377,0
DA:1378,0
DA:1380,0
DA:1382,1
DA:1383,1
DA:1385,1
DA:1386,1
DA:1388,0
DA:1389,0
DA:1396,1
DA:1400,1
DA:1401,0
DA:1404,1
DA:1416,1
DA:1417,0
DA:1422,1
DA:1427,1
DA:1431,1
DA:1434,1
DA:1435,0
DA:1436,1
DA:1437,0
DA:1439,1
DA:1445,0
DA:1454,0
DA:1456,0
DA:1458,0
DA:1459,0
DA:1460,0
DA:1461,0
DA:1462,0
DA:1463,0
DA:1464,0
LF:347
LH:273
FN:55,118,calc_r0
FNDA:1,calc_r0
FN:121,145,calc_normalized_difference
FNDA:1,calc_normalized_difference
FN:148,153,mask_uncertainty
FNDA:1,mask_uncertainty
FN:156,170,mask_invalid
FNDA:1,mask_invalid
FN:173,197,apply_qa
FNDA:1,apply_qa
FN:200,204,scale_data
FNDA:1,scale_data
FN:207,747,default_vars
FNDA:1,default_vars
FN:750,824,default_post_processors
FNDA:1,default_post_processors
FN:827,849,espa_api
FNDA:1,espa_api
FN:852,892,search_stac
FNDA:1,search_stac
FN:895,922,request_scenes
FNDA:1,request_scenes
FN:925,930,unpack
FNDA:1,unpack
FN:933,964,check_availabilty
FNDA:1,check_availabilty
FN:967,1087,update_order_statuses
FNDA:1,update_order_statuses
FN:1090,1171,download_scenes
FNDA:1,download_scenes
FN:1174,1240,_process_scene
FNDA:1,_process_scene
FN:1243,1295,process_scenes
FNDA:1,process_scenes
FN:1298,1307,most_recent
FNDA:1,most_recent
FN:1310,1431,download
FNDA:1,download
FNF:19
FNH:19
end_of_record
SF:pywapor/collect/product/LSASAF.py
DA:7,1
DA:8,1
DA:9,1
DA:10,1
DA:11,1
DA:12,1
DA:14,1
DA:15,1
DA:16,1
DA:17,1
DA:18,1
DA:19,1
DA:21,1
DA:22,1
DA:23,1
DA:24,1
DA:25,1
DA:26,1
DA:27,1
DA:28,1
DA:29,1
DA:38,1
DA:39,1
DA:40,1
DA:41,1
DA:42,1
DA:44,1
DA:47,1
DA:54,1
DA:55,0
DA:56,0
DA:57,0
DA:58,1
DA:61,1
DA:62,1
DA:63,0
DA:66,1
DA:69,1
DA:70,0
DA:71,0
DA:72,0
DA:75,1
DA:76,1
DA:77,1
DA:80,1
DA:81,1
DA:82,1
DA:85,1
DA:86,0
DA:87,0
DA:90,1
DA:91,0
DA:94,1
DA:95,1
DA:147,1
DA:177,1
DA:183,1
DA:186,1
DA:187,1
DA:203,1
DA:205,1
DA:208,1
DA:209,1
DA:211,1
DA:212,1
DA:213,1
DA:215,1
DA:216,1
DA:217,1
DA:218,1
DA:219,1
DA:220,1
DA:222,1
DA:223,1
DA:225,1
DA:227,1
DA:228,1
DA:229,1
DA:230,1
DA:231,1
DA:233,1
DA:234,1
DA:235,1
DA:236,1
DA:237,1
DA:238,1
DA:239,1
DA:240,1
DA:241,1
DA:242,1
DA:244,1
DA:247,1
DA:257,1
DA:259,1
DA:260,1
DA:261,1
DA:263,1
DA:264,1
DA:268,1
DA:269,1
DA:271,1
DA:273,1
DA:275,1
DA:276,1
DA:277,1
DA:278,0
DA:279,1
DA:280,1
DA:281,1
DA:282,1
DA:284,1
DA:286,1
DA:287,1
DA:288,1
DA:289,1
DA:290,1
DA:292,1
DA:294,1
DA:295,1
DA:297,1
DA:298,1
DA:300,1
DA:301,1
DA:307,1
DA:309,1
DA:314,1
DA:315,1
DA:316,1
DA:318,1
DA:319,1
DA:320,1
DA:321,1
DA:322,1
DA:323,1
DA:325,1
DA:326,1
DA:327,1
DA:328,1
DA:329,1
DA:330,1
DA:331,1
DA:334,1
DA:337,1
DA:339,1
DA:341,1
DA:346,1
DA:348,1
DA:350,1
DA:351,1
DA:352,1
DA:353,1
DA:354,1
DA:355,1
DA:356,1
DA:357,1
DA:360,1
DA:362,1
DA:363,1
DA:364,1
DA:365,1
DA:366,1
DA:376,1
DA:377,1
DA:379,1
DA:380,1
DA:381,1
DA:382,1
DA:386,1
DA:387,1
DA:388,1
DA:389,1
DA:390,1
DA:391,1
DA:393,1
DA:394,1
DA:395,1
DA:397,1
DA:400,1
DA:402,1
DA:405,1
DA:408,1
DA:410,1
DA:411,1
DA:413,1
DA:416,1
DA:417,1
DA:419,1
DA:438,0
DA:440,0
DA:442,0
DA:443,0
DA:444,0
DA:447,0
DA:448,0
DA:450,0
DA:451,0
DA:453,0
DA:454,0
DA:455,0
LF:199
LH:176
FN:38,44,cache
FNDA:1,cache
FN:39,42,cache.cache_
FNDA:1,cache.cache_
FN:47,58,apply_qa
FNDA:1,apply_qa
FN:61,72,night_is_zero
FNDA:1,night_is_zero
FN:75,77,jouleperday_to_watt
FNDA:1,jouleperday_to_watt
FN:80,82,celsius_to_kelvin
FNDA:1,celsius_to_kelvin
FN:85,87,fn_func
FNDA:0,fn_func
FN:90,91,url_func
FNDA:0,url_func
FN:94,183,default_vars
FNDA:1,default_vars
FN:186,205,default_post_processors
FNDA:1,default_post_processors
FN:208,244,most_recent
FNDA:1,most_recent
FN:227,231,most_recent.scrape
FNDA:1,most_recent.scrape
FN:247,413,download
FNDA:1,download
FN:319,323,download.scrape
FNDA:1,download.scrape
FN:350,377,download.download_tile
FNDA:1,download.download_tile
FNF:15
FNH:13
end_of_record
SF:pywapor/collect/product/MERRA2.py
DA:1,1
DA:2,1
DA:3,1
DA:4,1
DA:5,1
DA:6,1
DA:8,1
DA:9,1
DA:11,1
DA:12,1
DA:13,1
DA:14,1
DA:15,1
DA:16,1
DA:17,1
DA:20,1
DA:37,1
DA:52,1
DA:69,1
DA:75,1
DA:78,1
DA:96,1
DA:117,1
DA:119,1
DA:122,1
DA:137,1
DA:138,1
DA:141,1
DA:157,1
DA:158,0
DA:159,1
DA:160,1
DA:161,1
DA:165,1
DA:166,1
DA:167,1
DA:170,0
DA:171,0
DA:174,0
DA:175,0
DA:178,1
DA:179,1
DA:180,1
DA:182,1
DA:183,1
DA:184,1
DA:185,1
DA:186,1
DA:188,1
DA:190,1
DA:191,1
DA:192,1
DA:193,1
DA:194,1
DA:195,1
DA:196,1
DA:197,1
DA:198,1
DA:199,1
DA:201,1
DA:202,1
DA:204,1
DA:205,1
DA:208,1
DA:246,1
DA:248,1
DA:249,1
DA:250,1
DA:251,0
DA:252,0
DA:253,0
DA:254,0
DA:255,0
DA:257,0
DA:259,1
DA:260,1
DA:261,1
DA:262,1
DA:264,1
DA:265,1
DA:266,1
DA:267,1
DA:269,1
DA:270,1
DA:272,0
DA:273,1
DA:279,1
DA:280,1
DA:281,1
DA:282,1
DA:283,1
DA:284,1
DA:286,1
DA:303,0
DA:306,1
DA:307,0
DA:310,1
DA:311,0
DA:312,0
DA:314,1
DA:315,0
DA:323,0
DA:324,0
LF:103
LH:84
FN:20,75,default_vars
FNDA:1,default_vars
FN:78,119,default_post_processors
FNDA:1,default_post_processors
FN:122,138,fn_func
FNDA:1,fn_func
FN:141,175,url_func
FNDA:1,url_func
FN:157,161,url_func._filter
FNDA:1,url_func._filter
FN:178,205,most_recent
FNDA:1,most_recent
FN:182,186,most_recent._filter
FNDA:1,most_recent._filter
FN:208,303,download
FNDA:1,download
FNF:8
FNH:8
end_of_record
SF:pywapor/collect/product/MODIS.py
DA:1,1
DA:2,1
DA:3,1
DA:4,1
DA:5,1
DA:6,1
DA:7,1
DA:9,1
DA:10,1
DA:11,1
DA:12,1
DA:13,1
DA:15,1
DA:16,1
DA:17,1
DA:18,1
DA:19,1
DA:20,1
DA:23,1
DA:38,1
DA:39,1
DA:42,1
DA:57,1
DA:58,1
DA:61,1
DA:77,1
DA:80,1
DA:81,1
DA:82,1
DA:83,1
DA:84,1
DA:85,1
DA:86,1
DA:87,1
DA:88,1
DA:89,1
DA:90,1
DA:91,1
DA:94,1
DA:95,1
DA:96,1
DA:97,1
DA:100,1
DA:115,1
DA:117,1
DA:118,1
DA:119,1
DA:120,1
DA:122,1
DA:123,1
DA:125,1
DA:127,1
DA:129,1
DA:134,1
DA:135,1
DA:136,1
DA:137,1
DA:139,1
DA:144,1
DA:145,1
DA:146,1
DA:148,1
DA:151,1
DA:175,1
DA:177,1
DA:178,1
DA:179,1
DA:180,1
DA:182,1
DA:184,1
DA:187,1
DA:206,1
DA:207,1
DA:209,1
DA:211,1
DA:214,1
DA:232,1
DA:267,1
DA:309,1
DA:315,1
DA:318,1
DA:336,1
DA:352,1
DA:354,1
DA:357,1
DA:358,1
DA:360,1
DA:362,1
DA:363,1
DA:365,1
DA:367,1
DA:368,1
DA:369,1
DA:370,1
DA:372,1
DA:375,1
DA:412,1
DA:414,1
DA:415,1
DA:416,1
DA:417,0
DA:418,0
DA:419,0
DA:420,0
DA:421,0
DA:423,0
DA:425,1
DA:432,1
DA:433,1
DA:434,1
DA:436,1
DA:437,1
DA:438,1
DA:439,1
DA:440,1
DA:441,1
DA:442,1
DA:444,1
DA:446,1
DA:447,1
DA:449,1
DA:450,1
DA:452,1
DA:453,1
DA:455,0
DA:456,0
DA:462,1
DA:463,1
DA:464,1
DA:465,1
DA:466,1
DA:467,1
DA:484,1
DA:487,1
DA:488,0
DA:499,0
DA:500,0
LF:137
LH:126
FN:23,39,fn_func
FNDA:1,fn_func
FN:42,58,url_func
FNDA:1,url_func
FN:61,91,tiles_intersect
FNDA:1,tiles_intersect
FN:94,97,shortwave_r0
FNDA:1,shortwave_r0
FN:100,148,expand_time_dim
FNDA:1,expand_time_dim
FN:117,120,expand_time_dim._expand_hour_dim
FNDA:1,expand_time_dim._expand_hour_dim
FN:151,184,mask_bitwise_qa
FNDA:1,mask_bitwise_qa
FN:187,211,mask_qa
FNDA:1,mask_qa
FN:214,315,default_vars
FNDA:1,default_vars
FN:318,354,default_post_processors
FNDA:1,default_post_processors
FN:357,372,most_recent
FNDA:1,most_recent
FN:375,484,download
FNDA:1,download
FNF:12
FNH:12
end_of_record
SF:pywapor/collect/product/SENTINEL2.py
DA:1,1
DA:2,1
DA:3,1
DA:4,1
DA:5,1
DA:6,1
DA:8,1
DA:9,1
DA:10,1
DA:12,1
DA:13,1
DA:14,1
DA:15,1
DA:18,1
DA:37,1
DA:38,1
DA:39,1
DA:40,1
DA:42,1
DA:45,1
DA:48,1
DA:66,1
DA:67,1
DA:70,1
DA:86,1
DA:87,1
DA:88,1
DA:89,1
DA:90,1
DA:93,1
DA:110,1
DA:111,1
DA:112,1
DA:113,1
DA:114,1
DA:116,0
DA:119,1
DA:122,1
DA:137,1
DA:138,1
DA:139,1
DA:140,1
DA:141,1
DA:142,1
DA:144,0
DA:147,1
DA:150,1
DA:165,1
DA:166,1
DA:167,1
DA:168,1
DA:169,1
DA:171,0
DA:174,1
DA:177,1
DA:192,1
DA:193,1
DA:194,1
DA:195,1
DA:196,1
DA:197,1
DA:199,0
DA:202,1
DA:205,1
DA:220,1
DA:221,1
DA:222,1
DA:223,1
DA:224,1
DA:225,1
DA:226,1
DA:227,1
DA:229,1
DA:232,1
DA:235,1
DA:251,1
DA:259,1
DA:260,1
DA:261,1
DA:262,1
DA:263,1
DA:264,1
DA:267,1
DA:274,1
DA:277,1
DA:280,1
DA:298,1
DA:343,1
DA:436,1
DA:442,1
DA:445,1
DA:463,1
DA:522,1
DA:524,1
DA:527,1
DA:540,1
DA:541,1
DA:544,1
DA:545,1
DA:547,1
DA:548,1
DA:549,1
DA:550,1
DA:551,1
DA:555,1
DA:556,1
DA:557,1
DA:558,1
DA:559,1
DA:561,1
DA:562,1
DA:563,1
DA:564,1
DA:568,1
DA:570,1
DA:574,1
DA:575,1
DA:576,1
DA:577,1
DA:580,1
DA:581,1
DA:582,1
DA:583,1
DA:584,1
DA:585,1
DA:587,0
DA:588,0
DA:589,0
DA:590,0
DA:591,0
DA:592,1
DA:593,0
DA:596,1
DA:597,0
DA:601,0
DA:602,0
DA:603,0
DA:605,0
DA:606,0
DA:610,1
DA:613,1
DA:614,1
DA:617,1
DA:657,1
DA:659,1
DA:660,1
DA:661,1
DA:662,0
DA:663,0
DA:664,0
DA:665,0
DA:666,0
DA:668,0
DA:670,1
DA:671,1
DA:673,1
DA:674,1
DA:676,0
DA:677,0
DA:683,1
DA:684,1
DA:686,1
DA:687,1
DA:688,1
DA:689,1
DA:691,1
DA:692,1
DA:693,1
DA:702,1
DA:706,1
DA:709,1
DA:710,0
DA:712,0
DA:713,0
DA:714,0
DA:715,0
DA:716,0
DA:718,0
DA:720,0
DA:721,0
DA:722,0
LF:181
LH:147
FN:18,45,apply_qa
FNDA:1,apply_qa
FN:48,67,mask_invalid
FNDA:1,mask_invalid
FN:70,90,scale_data
FNDA:1,scale_data
FN:93,119,calc_normalized_difference
FNDA:1,calc_normalized_difference
FN:122,147,calc_psri
FNDA:1,calc_psri
FN:150,174,calc_nmdi
FNDA:1,calc_nmdi
FN:177,202,calc_bsi
FNDA:1,calc_bsi
FN:205,232,calc_vari_red_egde
FNDA:1,calc_vari_red_egde
FN:235,277,calc_r0
FNDA:1,calc_r0
FN:280,442,default_vars
FNDA:1,default_vars
FN:445,524,default_post_processors
FNDA:1,default_post_processors
FN:527,541,time_func
FNDA:1,time_func
FN:544,610,s2_processor
FNDA:1,s2_processor
FN:613,614,most_recent
FNDA:1,most_recent
FN:617,706,download
FNDA:1,download
FN:686,689,download.node_filter
FNDA:1,download.node_filter
FNF:16
FNH:16
end_of_record
SF:pywapor/collect/product/SENTINEL3.py
DA:1,1
DA:2,1
DA:3,1
DA:4,1
DA:6,1
DA:7,1
DA:9,1
DA:10,1
DA:11,1
DA:12,1
DA:13,1
DA:20,1
DA:37,1
DA:45,1
DA:49,1
DA:55,1
DA:58,1
DA:75,1
DA:79,1
DA:81,1
DA:84,1
DA:97,1
DA:98,1
DA:99,1
DA:100,1
DA:103,1
DA:104,1
DA:109,1
DA:111,1
DA:112,1
DA:113,1
DA:114,1
DA:116,1
DA:117,1
DA:118,1
DA:120,1
DA:121,1
DA:122,1
DA:123,1
DA:124,1
DA:126,1
DA:127,1
DA:136,1
DA:137,1
DA:138,1
DA:139,1
DA:140,1
DA:141,1
DA:142,1
DA:144,1
DA:145,1
DA:146,1
DA:148,1
DA:149,1
DA:150,1
DA:151,1
DA:152,1
DA:153,1
DA:154,1
DA:155,1
DA:156,1
DA:157,1
DA:159,1
DA:162,1
DA:163,1
DA:166,1
DA:205,1
DA:207,1
DA:208,1
DA:209,1
DA:210,1
DA:211,1
DA:212,0
DA:213,1
DA:214,1
DA:216,1
DA:218,1
DA:219,1
DA:220,1
DA:221,1
DA:222,1
DA:224,1
DA:225,1
DA:227,1
DA:228,1
DA:230,0
DA:231,0
DA:237,1
DA:238,1
DA:240,1
DA:241,1
DA:242,1
DA:243,1
DA:245,1
DA:254,1
DA:264,1
DA:267,1
DA:268,0
DA:275,0
DA:276,0
DA:277,0
DA:278,0
DA:279,0
DA:281,0
DA:282,0
DA:284,0
DA:286,0
DA:287,0
DA:288,0
DA:289,0
DA:290,0
DA:292,0
DA:293,0
DA:294,0
DA:295,0
DA:297,0
DA:299,0
LF:117
LH:94
FN:20,55,default_vars
FNDA:1,default_vars
FN:58,81,default_post_processors
FNDA:1,default_post_processors
FN:84,100,time_func
FNDA:1,time_func
FN:103,159,s3_processor
FNDA:1,s3_processor
FN:162,163,most_recent
FNDA:1,most_recent
FN:166,264,download
FNDA:1,download
FN:240,243,download.node_filter
FNDA:1,download.node_filter
FNF:7
FNH:7
end_of_record
SF:pywapor/collect/product/SRTM.py
DA:5,1
DA:6,1
DA:7,1
DA:8,1
DA:10,1
DA:11,1
DA:13,1
DA:14,1
DA:15,1
DA:16,1
DA:17,1
DA:20,1
DA:36,1
DA:39,1
DA:40,1
DA:41,1
DA:42,1
DA:43,1
DA:44,1
DA:45,1
DA:46,1
DA:47,1
DA:50,1
DA:67,1
DA:74,1
DA:82,1
DA:88,1
DA:91,1
DA:92,0
DA:95,1
DA:113,1
DA:121,1
DA:123,1
DA:126,1
DA:141,1
DA:142,1
DA:145,1
DA:160,1
DA:161,1
DA:163,1
DA:164,1
DA:166,1
DA:202,1
DA:204,1
DA:205,1
DA:206,1
DA:207,0
DA:208,0
DA:209,0
DA:210,0
DA:211,1
DA:213,1
DA:215,1
DA:216,1
DA:217,1
DA:218,1
DA:219,1
DA:221,1
DA:222,1
DA:224,1
DA:226,1
DA:227,1
DA:229,1
DA:230,1
DA:232,0
DA:233,0
DA:239,1
DA:240,1
DA:241,1
DA:242,1
DA:243,1
DA:245,1
DA:261,1
DA:264,1
DA:265,0
DA:268,0
DA:269,0
DA:270,0
DA:271,0
DA:273,0
DA:274,0
DA:281,0
DA:282,0
LF:83
LH:67
FN:20,47,tiles_intersect
FNDA:1,tiles_intersect
FN:50,88,default_vars
FNDA:1,default_vars
FN:91,92,drop_time
FNDA:0,drop_time
FN:95,123,default_post_processors
FNDA:1,default_post_processors
FN:126,142,fn_func
FNDA:1,fn_func
FN:145,161,url_func
FNDA:1,url_func
FN:163,164,most_recent
FNDA:1,most_recent
FN:166,261,download
FNDA:1,download
FNF:8
FNH:7
end_of_record
SF:pywapor/collect/product/STATICS.py
DA:1,1
DA:2,1
DA:4,1
DA:5,1
DA:8,1
DA:25,1
DA:59,1
DA:90,1
DA:96,1
DA:99,1
DA:100,0
DA:101,0
DA:104,1
DA:121,1
DA:152,1
DA:154,1
DA:157,1
DA:170,1
DA:171,1
DA:174,1
DA:175,1
DA:178,1
DA:214,1
DA:216,1
DA:217,1
DA:218,1
DA:219,1
DA:220,0
DA:221,0
DA:222,0
DA:223,0
DA:225,1
DA:227,1
DA:228,1
DA:229,1
DA:230,1
DA:231,1
DA:233,1
DA:235,1
DA:236,1
DA:238,1
DA:239,1
DA:241,0
DA:242,0
DA:248,1
DA:250,1
DA:253,1
DA:254,0
DA:271,0
DA:273,0
DA:276,0
DA:277,0
DA:279,0
DA:280,0
DA:282,0
LF:55
LH:39
FN:8,96,default_vars
FNDA:1,default_vars
FN:99,101,scale_factor
FNDA:0,scale_factor
FN:104,154,default_post_processors
FNDA:1,default_post_processors
FN:157,171,url_func
FNDA:1,url_func
FN:174,175,most_recent
FNDA:1,most_recent
FN:178,250,download
FNDA:1,download
FNF:6
FNH:5
end_of_record
SF:pywapor/collect/product/TERRA.py
DA:5,1
DA:6,1
DA:7,1
DA:8,1
DA:9,1
DA:11,1
DA:12,1
DA:13,1
DA:14,1
DA:15,1
DA:16,1
DA:18,1
DA:19,1
DA:20,1
DA:21,1
DA:22,1
DA:23,1
DA:33,1
DA:51,1
DA:87,1
DA:89,1
DA:92,1
DA:110,1
DA:123,1
DA:130,1
DA:136,1
DA:139,1
DA:156,1
DA:157,1
DA:158,1
DA:159,1
DA:162,1
DA:163,1
DA:166,1
DA:169,1
DA:170,1
DA:171,1
DA:172,1
DA:173,1
DA:174,1
DA:175,1
DA:176,1
DA:181,1
DA:218,1
DA:220,1
DA:221,1
DA:223,1
DA:224,1
DA:225,1
DA:226,0
DA:227,1
DA:228,0
DA:229,1
DA:230,0
DA:232,0
DA:234,1
DA:235,1
DA:236,1
DA:237,1
DA:238,1
DA:240,1
DA:242,1
DA:243,1
DA:245,1
DA:246,1
DA:248,1
DA:249,1
DA:255,1
DA:257,1
DA:259,1
DA:260,1
DA:261,1
DA:262,1
DA:263,1
DA:264,1
DA:265,1
DA:266,1
DA:270,1
DA:271,1
DA:273,1
DA:275,1
DA:277,1
DA:279,1
DA:281,1
DA:283,1
DA:287,1
DA:288,1
DA:289,1
DA:291,1
DA:293,1
DA:294,1
DA:296,1
DA:300,1
DA:301,1
DA:302,1
DA:303,0
DA:305,0
DA:306,1
DA:308,1
DA:309,1
DA:313,1
DA:323,1
DA:324,1
DA:325,1
DA:326,1
DA:327,1
DA:329,1
DA:330,1
DA:331,1
DA:332,1
DA:334,1
DA:335,0
DA:336,1
DA:337,0
DA:339,1
DA:340,1
DA:341,1
DA:342,1
DA:343,0
DA:344,0
DA:346,1
DA:347,1
DA:348,1
DA:349,1
DA:350,1
DA:351,1
DA:352,1
DA:355,1
DA:357,1
DA:358,1
DA:359,1
DA:370,1
DA:372,1
DA:378,1
DA:380,1
DA:381,1
DA:383,1
DA:385,1
DA:387,1
DA:389,1
DA:390,1
DA:392,1
DA:393,1
DA:395,1
DA:397,1
DA:398,1
DA:400,1
DA:403,1
DA:404,1
DA:406,1
DA:408,1
DA:409,1
DA:410,1
DA:411,1
DA:412,1
DA:413,1
DA:414,1
DA:415,1
DA:416,0
DA:417,0
DA:418,0
DA:419,1
DA:420,1
DA:421,1
DA:422,1
DA:423,1
DA:425,1
DA:427,1
DA:430,1
DA:431,0
DA:432,0
DA:434,0
DA:435,0
DA:436,0
DA:437,0
DA:438,0
DA:439,0
DA:440,0
DA:442,0
LF:179
LH:156
FN:33,89,default_post_processors
FNDA:1,default_post_processors
FN:92,136,default_vars
FNDA:1,default_vars
FN:139,159,mask_bitwise_qa
FNDA:1,mask_bitwise_qa
FN:162,166,calc_r0
FNDA:1,calc_r0
FN:169,178,most_recent
FNDA:1,most_recent
FN:181,400,download
FNDA:1,download
FN:403,427,search_stac
FNDA:1,search_stac
FN:409,423,search_stac._post_query
FNDA:1,search_stac._post_query
FNF:8
FNH:8
end_of_record
SF:pywapor/collect/product/VIIRSL1.py
DA:6,1
DA:7,1
DA:8,1
DA:9,1
DA:10,1
DA:11,1
DA:12,1
DA:13,1
DA:15,1
DA:16,1
DA:17,1
DA:18,1
DA:19,1
DA:20,1
DA:22,1
DA:23,1
DA:24,1
DA:25,1
DA:26,1
DA:27,1
DA:28,1
DA:29,1
DA:37,1
DA:40,1
DA:41,0
DA:43,0
DA:44,0
DA:46,0
DA:47,0
DA:48,0
DA:50,0
DA:56,0
DA:57,1
DA:58,0
DA:61,1
DA:65,1
DA:66,1
DA:69,1
DA:71,1
DA:74,1
DA:79,1
DA:80,1
DA:81,1
DA:82,1
DA:83,1
DA:84,0
DA:86,1
DA:87,1
DA:88,1
DA:89,0
DA:90,1
DA:93,1
DA:101,0
DA:102,0
DA:104,0
DA:105,0
DA:108,0
DA:113,0
DA:114,0
DA:116,1
DA:123,1
DA:125,1
DA:126,1
DA:127,0
DA:129,1
DA:133,1
DA:134,1
DA:135,1
DA:136,1
DA:138,1
DA:139,1
DA:141,1
DA:144,1
DA:145,1
DA:147,1
DA:148,1
DA:149,1
DA:150,1
DA:151,1
DA:152,1
DA:154,1
DA:155,1
DA:156,1
DA:157,1
DA:158,1
DA:159,1
DA:160,1
DA:161,1
DA:162,1
DA:164,1
DA:165,1
DA:166,1
DA:167,1
DA:168,1
DA:169,1
DA:170,1
DA:171,1
DA:172,1
DA:173,1
DA:174,1
DA:175,1
DA:176,1
DA:177,1
DA:178,1
DA:179,1
DA:181,1
DA:182,1
DA:185,1
DA:192,1
DA:196,1
DA:198,1
DA:201,1
DA:202,1
DA:204,1
DA:205,1
DA:206,1
DA:207,1
DA:208,1
DA:210,1
DA:211,1
DA:212,1
DA:214,1
DA:215,1
DA:216,1
DA:217,1
DA:218,1
DA:219,1
DA:221,1
DA:222,1
DA:227,1
DA:228,1
DA:233,1
DA:234,1
DA:235,1
DA:237,1
DA:238,1
DA:239,1
DA:241,1
DA:245,1
DA:249,1
DA:251,1
DA:254,1
DA:272,1
DA:276,1
DA:282,1
DA:288,1
DA:291,1
DA:308,1
DA:312,1
DA:314,1
DA:317,1
DA:318,1
DA:319,1
DA:320,1
DA:321,1
DA:322,1
DA:323,1
DA:324,1
DA:325,1
DA:326,1
DA:327,1
DA:328,1
DA:331,1
DA:332,1
DA:333,1
DA:334,1
DA:335,1
DA:336,1
DA:338,1
DA:339,1
DA:340,1
DA:343,1
DA:364,1
DA:367,1
DA:381,1
DA:384,1
DA:385,1
DA:387,1
DA:389,1
DA:392,1
DA:428,1
DA:432,1
DA:433,0
DA:435,1
DA:437,1
DA:438,1
DA:440,1
DA:441,1
DA:442,1
DA:443,0
DA:444,0
DA:445,0
DA:446,0
DA:447,0
DA:449,0
DA:451,1
DA:453,1
DA:454,1
DA:455,1
DA:456,1
DA:457,1
DA:459,1
DA:460,1
DA:462,1
DA:463,1
DA:465,1
DA:466,1
DA:472,1
DA:473,1
DA:475,1
DA:477,1
DA:478,1
DA:482,1
DA:484,1
DA:485,1
DA:486,1
DA:487,1
DA:488,1
DA:489,1
DA:491,1
DA:495,1
DA:496,1
DA:497,0
DA:503,1
DA:504,1
DA:505,1
DA:506,1
DA:508,1
DA:512,1
DA:514,1
DA:517,0
DA:520,1
DA:521,1
DA:522,1
DA:557,1
DA:558,1
DA:562,1
DA:568,1
DA:574,0
DA:579,0
DA:585,0
DA:593,1
DA:594,0
DA:595,0
DA:596,0
DA:597,0
DA:598,0
DA:599,0
DA:607,0
DA:615,0
DA:623,0
DA:624,0
DA:625,0
DA:626,0
DA:627,0
DA:628,0
DA:629,0
DA:630,0
DA:632,0
DA:635,0
DA:636,0
DA:637,0
DA:638,0
DA:639,0
DA:640,0
DA:641,0
DA:644,0
DA:650,0
DA:656,0
DA:662,0
DA:668,0
DA:676,0
DA:678,1
DA:679,1
DA:680,1
DA:681,1
DA:682,1
DA:683,1
DA:685,1
DA:693,1
DA:701,1
DA:711,1
DA:715,1
DA:716,1
DA:717,1
DA:720,1
DA:721,1
DA:722,1
DA:729,1
DA:730,1
DA:738,1
DA:739,0
DA:740,0
DA:741,0
DA:742,0
DA:744,1
DA:752,1
DA:757,1
DA:761,1
DA:764,1
DA:769,1
DA:770,1
DA:772,1
DA:777,1
DA:778,1
DA:788,1
DA:789,1
DA:794,1
DA:795,1
DA:800,1
DA:801,1
DA:804,1
DA:805,1
DA:810,1
DA:811,1
DA:812,1
DA:814,0
DA:816,1
DA:817,1
DA:819,1
DA:820,1
DA:823,1
DA:825,1
DA:826,1
DA:827,1
DA:828,1
DA:830,1
DA:832,1
DA:834,1
DA:837,1
DA:839,1
DA:841,1
DA:844,1
DA:845,0
DA:846,1
DA:852,0
DA:853,0
DA:855,0
DA:856,0
DA:858,0
DA:859,0
DA:861,0
DA:863,0
LF:343
LH:268
FN:40,71,get_token
FNDA:1,get_token
FN:74,90,adj
FNDA:1,adj
FN:93,141,download_arrays
FNDA:1,download_arrays
FN:144,198,search_stac
FNDA:1,search_stac
FN:148,152,search_stac._post_search
FNDA:1,search_stac._post_search
FN:155,162,search_stac._check
FNDA:1,search_stac._check
FN:201,251,create_stac_summary
FNDA:1,create_stac_summary
FN:221,225,create_stac_summary.get_fns
FNDA:1,create_stac_summary.get_fns
FN:227,231,create_stac_summary.get_dts
FNDA:1,create_stac_summary.get_dts
FN:254,288,default_vars
FNDA:1,default_vars
FN:291,314,default_post_processors
FNDA:1,default_post_processors
FN:317,328,preproc
FNDA:1,preproc
FN:331,381,combine_unprojected_data
FNDA:1,combine_unprojected_data
FN:384,389,most_recent
FNDA:1,most_recent
FN:392,841,download
FNDA:1,download
FNF:15
FNH:15
end_of_record
SF:pywapor/collect/product/__init__.py
DA:1,1
DA:18,1
LF:2
LH:2
end_of_record
SF:pywapor/collect/protocol/__init__.py
end_of_record
SF:pywapor/collect/protocol/cds.py
DA:1,1
DA:2,1
DA:3,1
DA:4,1
DA:5,1
DA:6,1
DA:7,1
DA:8,1
DA:9,1
DA:10,1
DA:11,1
DA:12,1
DA:13,1
DA:14,1
DA:15,1
DA:16,1
DA:17,1
DA:19,1
DA:33,1
DA:34,1
DA:35,1
DA:36,1
DA:37,1
DA:38,1
DA:39,1
DA:41,1
DA:54,1
DA:55,1
DA:56,1
DA:58,1
DA:73,0
DA:74,0
DA:75,0
DA:77,0
DA:78,0
DA:79,0
DA:80,0
DA:81,0
DA:82,0
DA:83,0
DA:84,0
DA:85,0
DA:87,1
DA:102,1
DA:103,0
DA:104,1
DA:106,1
DA:132,1
DA:135,1
DA:136,1
DA:137,1
DA:138,1
DA:139,1
DA:140,1
DA:144,1
DA:147,1
DA:148,1
DA:151,1
DA:152,1
DA:153,0
DA:154,0
DA:156,1
DA:157,1
DA:158,1
DA:159,1
DA:161,1
DA:163,1
DA:164,1
DA:165,1
DA:166,1
DA:167,1
DA:169,1
DA:170,1
DA:172,1
DA:173,1
DA:175,1
DA:176,0
DA:178,1
DA:179,1
DA:182,1
DA:183,1
DA:191,1
DA:193,1
DA:194,1
DA:197,1
DA:199,1
DA:200,1
DA:201,1
DA:204,1
DA:205,1
DA:208,1
DA:209,1
DA:210,1
DA:211,1
DA:212,1
DA:213,1
DA:214,1
DA:216,1
DA:219,1
DA:221,1
DA:223,1
DA:226,1
DA:227,1
DA:229,1
DA:231,1
DA:232,1
DA:233,1
DA:236,1
DA:237,1
DA:239,1
DA:241,1
DA:242,1
DA:244,1
DA:247,1
DA:250,1
DA:258,1
DA:259,1
DA:260,1
DA:261,1
DA:262,1
DA:263,1
DA:264,1
DA:265,1
DA:266,1
DA:267,1
DA:268,1
DA:271,1
DA:274,1
DA:277,1
DA:278,1
DA:279,1
DA:280,1
DA:281,0
DA:282,0
DA:284,1
LF:135
LH:117
FN:19,39,create_time_settings
FNDA:1,create_time_settings
FN:41,56,request_size
FNDA:1,request_size
FN:58,85,split_setting
FNDA:0,split_setting
FN:87,104,split_settings
FNDA:1,split_settings
FN:106,284,download
FNDA:1,download
FN:169,170,download.info_callback
FNDA:1,download.info_callback
FN:172,173,download.warning_callback
FNDA:1,download.warning_callback
FN:175,176,download.error_callback
FNDA:0,download.error_callback
FN:178,179,download.debug_callback
FNDA:1,download.debug_callback
FNF:9
FNH:7
end_of_record
SF:pywapor/collect/protocol/cog.py
DA:1,1
DA:2,1
DA:3,1
DA:4,1
DA:5,1
DA:6,1
DA:7,1
DA:8,1
DA:10,1
DA:41,1
DA:44,1
DA:45,1
DA:47,1
DA:48,1
DA:49,0
DA:51,1
DA:54,1
DA:57,1
DA:65,1
DA:67,1
DA:70,1
DA:71,1
DA:74,1
DA:77,1
DA:80,1
DA:81,1
DA:82,1
DA:83,1
DA:86,1
DA:87,1
DA:88,0
DA:91,1
DA:92,1
DA:93,1
DA:95,0
DA:96,0
DA:98,1
DA:99,0
DA:102,1
DA:104,1
DA:106,1
DA:109,1
DA:112,1
DA:115,1
DA:117,1
DA:119,1
DA:121,1
DA:122,1
DA:123,1
DA:124,1
DA:126,1
DA:128,1
DA:131,1
DA:132,1
DA:135,1
DA:143,1
DA:144,1
DA:145,1
DA:146,1
DA:147,1
DA:149,1
DA:150,1
DA:152,1
DA:154,1
DA:156,1
DA:157,1
DA:158,1
DA:162,1
DA:163,1
DA:165,1
DA:166,1
DA:167,1
DA:169,1
LF:73
LH:68
FN:10,117,download
FNDA:1,download
FN:70,71,download._callback_func
FNDA:1,download._callback_func
FN:119,152,cog_dl
FNDA:1,cog_dl
FN:154,169,ping_urls
FNDA:1,ping_urls
FNF:4
FNH:4
end_of_record
SF:pywapor/collect/protocol/copernicus_odata.py
DA:6,1
DA:7,1
DA:8,1
DA:9,1
DA:10,1
DA:11,1
DA:13,1
DA:14,1
DA:15,1
DA:16,1
DA:17,1
DA:18,1
DA:19,1
DA:20,1
DA:22,1
DA:23,1
DA:24,1
DA:25,1
DA:26,1
DA:35,1
DA:36,1
DA:41,1
DA:43,1
DA:50,1
DA:51,1
DA:52,1
DA:56,1
DA:57,0
DA:58,1
DA:62,1
DA:64,1
DA:67,1
DA:68,1
DA:70,1
DA:71,1
DA:77,1
DA:79,1
DA:81,1
DA:83,1
DA:84,1
DA:85,1
DA:86,1
DA:87,1
DA:89,1
DA:90,1
DA:92,1
DA:95,1
DA:98,1
DA:99,1
DA:103,1
DA:104,0
DA:106,1
DA:108,1
DA:110,1
DA:117,1
DA:118,1
DA:126,1
DA:128,1
DA:130,1
DA:131,1
DA:132,1
DA:133,1
DA:134,1
DA:135,1
DA:136,1
DA:137,1
DA:138,1
DA:140,1
DA:143,1
DA:144,1
DA:146,1
DA:148,1
DA:149,0
DA:150,1
DA:153,1
DA:154,0
DA:155,0
DA:156,0
DA:158,1
DA:159,1
DA:161,1
DA:163,1
DA:164,1
DA:165,1
DA:166,1
DA:170,1
DA:171,1
DA:173,1
DA:174,1
DA:175,1
DA:177,1
DA:178,1
DA:179,1
DA:180,1
DA:182,1
DA:183,1
DA:185,1
DA:187,1
DA:189,1
DA:193,1
DA:194,1
DA:195,1
DA:197,1
DA:198,1
DA:199,1
DA:200,1
DA:202,0
DA:204,1
DA:205,1
DA:206,1
DA:207,1
DA:208,1
DA:209,1
DA:210,1
DA:211,1
DA:213,1
DA:214,1
DA:216,1
DA:217,1
DA:218,1
DA:219,1
DA:220,1
DA:221,1
DA:222,1
DA:225,1
DA:226,1
DA:228,1
DA:230,1
DA:231,1
DA:232,1
DA:234,1
DA:235,1
DA:238,1
DA:239,1
DA:243,1
DA:246,1
DA:279,1
DA:281,1
DA:282,1
DA:284,1
DA:286,1
DA:288,1
DA:289,1
DA:291,1
DA:293,1
DA:294,1
DA:295,1
DA:296,1
DA:297,0
DA:298,0
DA:300,1
DA:301,0
DA:303,1
DA:304,0
DA:305,0
DA:307,1
DA:308,1
DA:310,1
DA:313,1
DA:314,1
DA:315,1
DA:319,1
DA:320,1
DA:323,1
DA:324,1
DA:325,1
DA:330,1
DA:336,1
DA:338,1
DA:339,1
DA:340,1
DA:341,1
DA:344,1
DA:352,1
DA:353,1
DA:355,1
DA:357,1
DA:358,1
DA:360,1
DA:363,1
DA:364,1
DA:365,1
DA:366,0
DA:367,1
DA:369,1
DA:372,1
DA:375,1
DA:378,1
DA:381,1
DA:384,1
DA:386,1
DA:387,1
DA:389,1
DA:391,1
DA:394,1
DA:395,1
DA:396,1
DA:399,1
DA:402,1
DA:405,1
DA:406,1
DA:407,1
DA:409,1
DA:412,1
DA:416,0
DA:417,0
DA:419,0
DA:420,0
DA:421,0
DA:422,0
DA:424,0
DA:433,0
DA:438,0
DA:439,0
DA:440,0
DA:441,0
DA:445,0
DA:447,0
LF:218
LH:191
FN:36,64,get_access_token
FNDA:1,get_access_token
FN:67,92,most_recent
FNDA:1,most_recent
FN:95,243,download
FNDA:1,download
FN:131,138,download.query_results
FNDA:1,download.query_results
FN:164,187,download.get_scene_nodes
FNDA:1,download.get_scene_nodes
FN:246,409,process_sentinel
FNDA:1,process_sentinel
FN:438,441,node_filter
FNDA:0,node_filter
FNF:7
FNH:6
end_of_record
SF:pywapor/collect/protocol/crawler.py
DA:1,1
DA:2,1
DA:3,1
DA:4,1
DA:5,1
DA:6,1
DA:7,1
DA:8,1
DA:9,1
DA:10,1
DA:11,1
DA:12,1
DA:13,1
DA:14,1
DA:15,1
DA:16,1
DA:17,1
DA:18,1
DA:19,1
DA:21,1
DA:22,1
DA:45,1
DA:46,1
DA:47,1
DA:49,0
DA:50,0
DA:51,0
DA:52,1
DA:53,1
DA:54,1
DA:55,1
DA:56,1
DA:57,1
DA:58,1
DA:60,1
DA:78,0
DA:79,0
DA:80,0
DA:81,0
DA:83,0
DA:84,0
DA:86,0
DA:88,0
DA:89,0
DA:90,0
DA:91,0
DA:93,0
DA:95,0
DA:97,1
DA:100,1
DA:101,1
DA:103,1
DA:104,1
DA:106,1
DA:108,1
DA:109,0
DA:110,0
DA:111,0
DA:113,1
DA:114,1
DA:115,1
DA:116,1
DA:117,1
DA:118,0
DA:119,0
DA:121,1
DA:123,1
DA:124,1
DA:125,1
DA:126,1
DA:127,1
DA:128,1
DA:130,1
DA:132,1
DA:133,1
DA:134,1
DA:136,1
DA:137,1
DA:139,1
DA:141,1
DA:142,0
DA:144,1
DA:145,1
DA:147,0
DA:149,1
DA:150,1
DA:152,1
DA:153,1
DA:155,1
DA:156,1
DA:157,1
DA:158,1
DA:159,1
DA:160,1
DA:162,1
DA:163,1
DA:165,1
DA:167,1
DA:201,1
DA:202,1
DA:203,1
DA:205,1
DA:207,1
DA:209,1
DA:210,1
DA:212,1
DA:214,1
DA:215,1
DA:217,1
DA:218,1
DA:219,0
DA:220,0
DA:222,1
DA:223,0
DA:224,1
DA:227,1
DA:229,1
DA:230,0
DA:231,0
DA:233,1
DA:234,1
DA:235,1
DA:237,1
DA:238,1
DA:240,1
DA:241,1
DA:243,1
DA:244,1
DA:245,1
DA:247,1
DA:248,1
DA:250,1
DA:252,1
DA:253,1
DA:256,1
DA:257,1
DA:258,1
DA:259,1
DA:260,1
DA:262,1
DA:264,1
DA:266,1
DA:297,1
DA:298,1
DA:299,1
DA:300,1
DA:301,0
DA:302,0
DA:303,0
DA:304,1
DA:305,1
DA:306,1
DA:307,0
DA:308,0
DA:309,0
DA:310,0
DA:311,0
DA:313,1
DA:315,1
DA:317,1
DA:318,0
DA:320,1
DA:322,1
DA:324,0
LF:164
LH:126
FN:22,58,find_paths
FNDA:1,find_paths
FN:60,95,crawl
FNDA:0,crawl
FN:78,81,crawl._filter
FNDA:0,crawl._filter
FN:97,121,_download_urls
FNDA:1,_download_urls
FN:123,128,unzip
FNDA:1,unzip
FN:130,165,update_urls
FNDA:1,update_urls
FN:167,224,download_urls
FNDA:1,download_urls
FN:227,264,_download_url
FNDA:1,_download_url
FN:266,320,download_url
FNDA:1,download_url
FNF:9
FNH:7
end_of_record
SF:pywapor/collect/protocol/opendap.py
DA:1,1
DA:2,1
DA:3,1
DA:4,1
DA:5,1
DA:6,1
DA:7,1
DA:8,1
DA:9,1
DA:10,1
DA:11,1
DA:12,1
DA:13,1
DA:14,1
DA:15,1
DA:16,1
DA:17,1
DA:18,1
DA:19,1
DA:20,1
DA:21,1
DA:23,1
DA:54,1
DA:63,1
DA:64,1
DA:65,1
DA:67,1
DA:68,1
DA:69,1
DA:70,1
DA:71,1
DA:72,1
DA:73,1
DA:74,1
DA:75,1
DA:76,1
DA:78,1
DA:119,1
DA:122,1
DA:125,1
DA:128,1
DA:129,1
DA:130,1
DA:131,1
DA:133,0
DA:134,1
DA:137,1
DA:140,1
DA:141,1
DA:142,1
DA:143,1
DA:144,1
DA:146,0
DA:147,1
DA:148,1
DA:151,1
DA:152,1
DA:154,1
DA:157,1
DA:159,1
DA:160,1
DA:163,1
DA:166,1
DA:167,1
DA:169,1
DA:171,1
DA:174,1
DA:175,1
DA:176,1
DA:178,1
DA:180,1
DA:181,1
DA:182,1
DA:183,1
DA:184,1
DA:185,1
DA:186,1
DA:187,1
DA:188,1
DA:189,1
DA:190,0
DA:191,0
DA:192,1
DA:193,1
DA:195,1
DA:196,1
DA:197,1
DA:199,0
DA:200,1
DA:201,1
DA:202,1
DA:204,1
DA:205,1
DA:206,1
DA:207,1
DA:208,1
DA:209,1
DA:210,1
DA:212,1
DA:225,1
DA:228,1
DA:231,1
DA:232,1
DA:234,1
DA:235,1
DA:237,1
DA:238,1
DA:239,0
DA:241,1
DA:242,1
DA:244,0
DA:246,1
DA:247,1
DA:250,0
DA:251,0
DA:252,0
DA:255,1
DA:256,1
DA:257,1
DA:259,1
DA:261,1
DA:267,1
DA:269,0
DA:270,0
DA:274,1
DA:276,1
DA:277,1
DA:279,1
DA:280,1
DA:281,1
DA:282,1
DA:283,1
DA:285,1
DA:286,1
DA:287,1
DA:289,1
DA:294,1
DA:299,1
DA:300,1
DA:301,1
DA:302,1
DA:305,1
DA:308,1
DA:310,1
DA:311,1
DA:313,1
DA:314,1
DA:315,1
DA:316,1
DA:318,1
DA:319,1
DA:321,1
DA:323,1
DA:324,1
DA:325,1
DA:326,1
DA:328,1
DA:329,1
DA:330,1
DA:336,0
DA:344,1
DA:345,1
DA:347,1
DA:350,1
DA:351,1
DA:353,1
DA:354,1
DA:356,0
DA:358,1
DA:360,1
DA:387,1
DA:388,1
DA:391,1
DA:394,1
DA:397,1
DA:399,1
DA:400,1
DA:401,1
DA:402,1
DA:403,1
DA:404,1
DA:405,0
DA:406,0
DA:407,0
DA:409,0
DA:410,0
DA:411,1
DA:412,1
DA:413,1
DA:414,1
DA:415,1
DA:417,1
DA:418,1
DA:420,1
DA:421,1
DA:423,1
DA:424,1
DA:426,1
DA:427,1
DA:429,1
DA:432,1
DA:434,1
DA:435,1
DA:438,1
DA:440,1
DA:441,1
DA:443,1
DA:445,1
DA:465,1
DA:467,1
DA:468,1
DA:474,1
DA:476,1
DA:477,1
DA:479,1
DA:480,1
DA:482,1
DA:483,1
DA:484,1
DA:486,1
DA:489,1
DA:490,1
LF:222
LH:203
FN:23,76,make_opendap_url
FNDA:1,make_opendap_url
FN:78,178,download
FNDA:1,download
FN:180,193,find_idxs
FNDA:1,find_idxs
FN:195,202,create_url
FNDA:1,create_url
FN:204,210,start_session
FNDA:1,start_session
FN:212,287,setup_session
FNDA:1,setup_session
FN:289,302,raise_if_form_exists
FNDA:1,raise_if_form_exists
FN:305,358,soup_login
FNDA:1,soup_login
FN:313,318,soup_login.get_to_url
FNDA:1,soup_login.get_to_url
FN:360,443,download_xarray
FNDA:1,download_xarray
FN:399,415,download_xarray.download_chunk
FNDA:1,download_xarray.download_chunk
FN:445,486,create_selection
FNDA:1,create_selection
FNF:12
FNH:12
end_of_record
SF:pywapor/collect/protocol/projections.py
DA:1,1
DA:3,1
DA:4,1
DA:36,1
DA:37,1
DA:39,0
LF:6
LH:5
FN:3,39,get_crss
FNDA:1,get_crss
FNF:1
FNH:1
end_of_record
SF:pywapor/enhancers/__init__.py
DA:1,1
DA:11,1
LF:2
LH:2
end_of_record
SF:pywapor/enhancers/apply_enhancers.py
DA:1,1
DA:2,1
DA:3,1
DA:4,1
DA:6,1
DA:7,1
DA:8,1
DA:9,1
DA:10,0
DA:11,1
DA:12,0
DA:13,0
DA:14,0
DA:15,0
DA:16,0
DA:17,1
DA:18,1
DA:20,1
DA:38,1
DA:39,1
DA:41,1
DA:43,1
DA:44,0
DA:46,1
DA:48,1
DA:50,1
DA:52,1
LF:27
LH:20
FN:6,18,apply_enhancers
FNDA:1,apply_enhancers
FN:20,52,apply_enhancer
FNDA:1,apply_enhancer
FNF:2
FNH:2
end_of_record
SF:pywapor/enhancers/dem.py
DA:1,1
DA:2,1
DA:3,1
DA:4,1
DA:5,1
DA:6,1
DA:7,1
DA:8,1
DA:9,1
DA:11,1
DA:12,0
DA:13,1
DA:14,0
DA:16,1
DA:18,1
DA:21,0
DA:23,1
DA:24,1
DA:27,0
DA:28,1
DA:29,0
DA:30,1
DA:31,0
DA:32,1
DA:33,1
DA:35,1
DA:37,1
DA:38,0
DA:40,0
DA:41,0
DA:42,0
DA:44,0
DA:45,1
DA:46,1
DA:47,0
DA:48,0
DA:49,0
DA:50,1
DA:51,1
DA:53,1
DA:55,1
DA:56,0
DA:57,1
DA:58,1
DA:59,1
DA:60,1
DA:62,0
DA:63,0
DA:64,0
DA:65,0
DA:67,1
DA:68,0
DA:72,0
DA:75,1
DA:76,1
DA:78,1
DA:86,0
DA:88,1
DA:90,0
DA:92,0
DA:93,1
DA:94,1
DA:96,0
DA:98,1
DA:99,0
DA:101,0
DA:103,0
DA:106,1
DA:107,0
DA:108,1
DA:109,1
DA:111,0
DA:113,0
DA:114,0
DA:115,0
DA:117,1
DA:118,1
DA:119,1
DA:121,1
DA:122,0
DA:123,1
DA:124,0
DA:125,1
DA:126,0
DA:128,1
DA:130,1
DA:132,1
DA:134,0
DA:138,0
DA:139,0
DA:140,0
LF:91
LH:51
FN:11,14,calc_slope_and_aspect
FNDA:1,calc_slope_and_aspect
FN:16,130,calc_slope_or_aspect
FNDA:1,calc_slope_or_aspect
FN:75,76,calc_slope_or_aspect._callback_func
FNDA:1,calc_slope_or_aspect._callback_func
FNF:3
FNH:3
end_of_record
SF:pywapor/enhancers/dms/__init__.py
DA:1,1
DA:2,1
LF:2
LH:2
end_of_record
SF:pywapor/enhancers/dms/pyDMS.py
DA:5,1
DA:6,1
DA:7,1
DA:8,1
DA:9,1
DA:10,1
DA:11,1
DA:12,1
DA:14,1
DA:15,1
DA:17,1
DA:38,1
DA:39,0
DA:40,0
DA:41,0
DA:42,0
DA:44,1
DA:74,0
DA:79,0
DA:80,0
DA:81,0
DA:82,0
DA:83,0
DA:84,0
DA:85,0
DA:89,0
DA:91,1
DA:113,0
DA:116,0
DA:117,0
DA:118,0
DA:119,0
DA:121,0
DA:124,0
DA:126,0
DA:129,0
DA:132,1
DA:215,1
DA:228,0
DA:229,0
DA:230,0
DA:231,0
DA:233,0
DA:234,0
DA:236,0
DA:238,0
DA:240,0
DA:242,0
DA:243,0
DA:246,0
DA:249,0
DA:250,0
DA:251,0
DA:253,0
DA:256,0
DA:259,0
DA:260,0
DA:262,0
DA:267,0
DA:268,0
DA:270,0
DA:271,0
DA:273,1
DA:294,0
DA:295,0
DA:297,0
DA:298,0
DA:302,0
DA:303,0
DA:304,0
DA:308,0
DA:309,0
DA:310,0
DA:311,0
DA:312,0
DA:314,0
DA:316,0
DA:319,0
DA:320,0
DA:322,0
DA:323,0
DA:324,0
DA:328,0
DA:329,0
DA:330,0
DA:331,0
DA:335,0
DA:336,0
DA:338,0
DA:339,0
DA:343,0
DA:344,0
DA:345,0
DA:346,0
DA:354,0
DA:356,0
DA:359,0
DA:363,0
DA:365,0
DA:366,0
DA:367,0
DA:370,0
DA:371,0
DA:372,0
DA:373,0
DA:374,0
DA:378,0
DA:379,0
DA:381,0
DA:382,0
DA:384,0
DA:386,0
DA:387,0
DA:389,0
DA:391,0
DA:393,0
DA:398,0
DA:399,0
DA:402,0
DA:403,0
DA:405,0
DA:410,0
DA:411,0
DA:412,0
DA:413,0
DA:414,0
DA:415,0
DA:417,0
DA:418,0
DA:422,0
DA:423,0
DA:424,0
DA:425,0
DA:427,0
DA:428,0
DA:429,0
DA:432,1
DA:464,0
DA:465,0
DA:467,0
DA:468,0
DA:469,0
DA:470,0
DA:471,0
DA:472,0
DA:474,0
DA:475,0
DA:476,0
DA:479,0
DA:480,0
DA:481,0
DA:484,0
DA:485,0
DA:486,0
DA:487,0
DA:488,0
DA:489,0
DA:490,0
DA:491,0
DA:495,0
DA:496,0
DA:498,0
DA:502,0
DA:503,0
DA:506,0
DA:507,0
DA:508,0
DA:513,0
DA:514,0
DA:515,0
DA:520,0
DA:521,0
DA:522,0
DA:524,0
DA:526,0
DA:527,0
DA:530,0
DA:533,0
DA:534,0
DA:536,0
DA:542,0
DA:543,0
DA:544,0
DA:546,1
DA:582,0
DA:583,0
DA:585,0
DA:586,0
DA:588,0
DA:589,0
DA:590,0
DA:591,0
DA:593,0
DA:595,0
DA:597,0
DA:598,0
DA:599,0
DA:600,0
DA:601,0
DA:602,0
DA:608,0
DA:610,0
DA:611,0
DA:612,0
DA:614,0
DA:615,0
DA:616,0
DA:622,0
DA:624,0
DA:630,0
DA:632,0
DA:633,0
DA:634,0
DA:636,0
DA:638,1
DA:644,0
DA:645,0
DA:647,0
DA:648,0
DA:652,0
DA:653,0
DA:657,0
DA:660,0
DA:661,0
DA:662,0
DA:663,0
DA:665,0
DA:667,1
DA:671,0
DA:672,0
DA:673,0
DA:675,0
DA:677,0
DA:678,0
DA:679,0
DA:681,0
DA:683,1
DA:690,0
DA:693,0
DA:694,0
DA:699,0
DA:700,0
DA:703,0
DA:704,0
DA:706,0
DA:707,0
DA:708,0
DA:709,0
DA:711,0
DA:712,0
DA:713,0
DA:716,0
DA:719,0
DA:724,0
DA:727,0
DA:729,0
DA:732,0
DA:735,0
DA:736,0
DA:738,0
DA:740,0
DA:742,0
DA:746,0
DA:747,0
DA:752,0
DA:753,0
DA:754,0
DA:755,0
DA:756,0
DA:758,0
DA:761,0
DA:763,0
DA:764,0
DA:765,0
DA:767,0
LF:275
LH:22
FN:38,42,DecisionTreeRegressorWithLinearLeafRegression.__init__
FNDA:0,DecisionTreeRegressorWithLinearLeafRegression.__init__
FN:44,89,DecisionTreeRegressorWithLinearLeafRegression.fit
FNDA:0,DecisionTreeRegressorWithLinearLeafRegression.fit
FN:91,129,DecisionTreeRegressorWithLinearLeafRegression.predict
FNDA:0,DecisionTreeRegressorWithLinearLeafRegression.predict
FN:215,271,DecisionTreeSharpener.__init__
FNDA:0,DecisionTreeSharpener.__init__
FN:273,430,DecisionTreeSharpener.trainSharpener
FNDA:0,DecisionTreeSharpener.trainSharpener
FN:432,544,DecisionTreeSharpener.applySharpener
FNDA:0,DecisionTreeSharpener.applySharpener
FN:546,636,DecisionTreeSharpener.residualAnalysis
FNDA:0,DecisionTreeSharpener.residualAnalysis
FN:638,665,DecisionTreeSharpener._doFit
FNDA:0,DecisionTreeSharpener._doFit
FN:667,681,DecisionTreeSharpener._doPredict
FNDA:0,DecisionTreeSharpener._doPredict
FN:683,767,DecisionTreeSharpener._calculateResidual
FNDA:0,DecisionTreeSharpener._calculateResidual
FNF:10
FNH:0
end_of_record
SF:pywapor/enhancers/dms/pyDMS_utils.py
DA:6,1
DA:7,1
DA:8,1
DA:9,1
DA:10,1
DA:11,1
DA:12,1
DA:13,1
DA:15,1
DA:16,0
DA:17,0
DA:18,0
DA:19,0
DA:20,0
DA:21,0
DA:22,0
DA:23,0
DA:26,1
DA:27,0
DA:28,0
DA:29,0
DA:30,0
DA:31,0
DA:32,0
DA:33,0
DA:34,0
DA:35,0
DA:36,0
DA:39,1
DA:42,0
DA:45,0
DA:54,0
DA:57,1
DA:58,0
DA:59,0
DA:60,0
DA:61,0
DA:62,0
DA:64,0
DA:65,0
DA:66,0
DA:69,1
DA:70,0
DA:71,0
DA:72,0
DA:73,0
DA:74,0
DA:78,1
DA:79,0
DA:82,0
DA:83,0
DA:84,0
DA:85,0
DA:86,0
DA:87,0
DA:88,0
DA:89,0
DA:90,0
DA:92,0
DA:93,0
DA:94,0
DA:95,0
DA:98,0
DA:99,0
DA:100,0
DA:101,0
DA:105,0
DA:106,0
DA:107,0
DA:108,0
DA:109,0
DA:111,0
DA:112,0
DA:113,0
DA:116,0
DA:117,0
DA:118,0
DA:119,0
DA:120,0
DA:121,0
DA:124,0
DA:129,0
DA:130,0
DA:131,0
DA:132,0
DA:133,0
DA:134,0
DA:135,0
DA:136,0
DA:137,0
DA:138,0
DA:140,0
DA:143,1
DA:144,0
DA:145,0
DA:147,0
DA:148,0
DA:150,0
DA:151,0
DA:152,0
DA:154,0
DA:155,0
DA:156,0
DA:157,0
DA:158,0
DA:159,0
DA:160,0
DA:161,0
DA:163,0
DA:165,0
DA:168,1
DA:169,0
DA:170,0
DA:172,0
DA:173,0
DA:178,1
DA:181,0
DA:182,0
DA:187,0
DA:188,0
DA:189,0
DA:190,0
DA:191,0
DA:192,0
DA:193,0
DA:194,0
DA:195,0
DA:198,0
DA:199,0
DA:202,0
DA:203,0
DA:204,0
DA:213,0
DA:218,1
DA:220,0
DA:221,0
DA:222,0
DA:223,0
DA:224,0
DA:225,0
DA:226,0
DA:228,0
DA:231,0
DA:235,0
DA:236,0
DA:237,0
DA:238,0
DA:241,0
DA:242,0
DA:243,0
DA:246,1
DA:247,1
DA:249,0
DA:250,0
DA:251,0
DA:252,0
DA:253,0
DA:254,0
DA:255,0
DA:256,0
DA:257,0
DA:258,0
DA:259,0
DA:261,0
DA:264,0
DA:267,1
DA:268,1
DA:269,0
DA:271,0
DA:273,0
LF:170
LH:22
FN:15,23,openRaster
FNDA:0,openRaster
FN:26,36,getRasterInfo
FNDA:0,getRasterInfo
FN:39,54,resampleWithGdalWarp
FNDA:0,resampleWithGdalWarp
FN:57,66,point2pix
FNDA:0,point2pix
FN:69,74,pix2point
FNDA:0,pix2point
FN:78,140,saveImg
FNDA:0,saveImg
FN:143,165,binomialSmoother
FNDA:0,binomialSmoother
FN:144,161,binomialSmoother.filterFunction
FNDA:0,binomialSmoother.filterFunction
FN:168,173,appendNpArray
FNDA:0,appendNpArray
FN:178,213,reprojectSubsetLowResScene
FNDA:0,reprojectSubsetLowResScene
FN:218,243,resampleHighResToLowRes
FNDA:0,resampleHighResToLowRes
FN:247,264,_resampleHighResToLowRes
FNDA:0,_resampleHighResToLowRes
FN:268,273,removeEdgeNaNs
FNDA:0,removeEdgeNaNs
FNF:13
FNH:0
end_of_record
SF:pywapor/enhancers/dms/thermal_sharpener.py
DA:1,1
DA:2,1
DA:3,1
DA:4,1
DA:5,1
DA:6,1
DA:7,1
DA:8,1
DA:9,1
DA:10,1
DA:11,1
DA:12,1
DA:13,1
DA:14,1
DA:15,1
DA:17,1
DA:19,1
DA:20,1
DA:21,1
DA:22,1
DA:23,1
DA:24,1
DA:25,1
DA:26,1
DA:27,1
DA:28,1
DA:29,1
DA:30,1
DA:31,1
DA:33,1
DA:35,1
DA:53,0
DA:54,0
DA:57,0
DA:58,0
DA:61,0
DA:62,0
DA:63,0
DA:64,0
DA:65,0
DA:66,0
DA:68,0
DA:69,0
DA:70,0
DA:71,0
DA:72,0
DA:73,0
DA:74,0
DA:76,0
DA:77,0
DA:78,0
DA:80,0
DA:81,0
DA:82,0
DA:83,0
DA:85,0
DA:86,0
DA:88,0
DA:89,0
DA:91,0
DA:92,0
DA:93,0
DA:94,0
DA:95,0
DA:96,0
DA:97,0
DA:98,0
DA:99,0
DA:101,0
DA:102,0
DA:103,0
DA:104,0
DA:105,0
DA:107,0
DA:108,0
DA:109,0
DA:110,0
DA:112,0
DA:114,1
DA:130,0
DA:131,0
DA:133,0
DA:134,0
DA:135,0
DA:136,0
DA:137,0
DA:139,0
DA:140,0
DA:141,0
DA:142,0
DA:143,0
DA:144,0
DA:145,0
DA:146,0
DA:147,0
DA:148,0
DA:149,0
DA:150,0
DA:151,0
DA:153,0
DA:155,1
DA:169,0
DA:170,0
DA:172,1
DA:187,0
DA:188,0
DA:190,0
DA:193,0
DA:194,0
DA:195,0
DA:197,0
DA:198,0
DA:200,0
DA:201,0
DA:202,0
DA:204,0
DA:205,0
DA:206,0
DA:207,0
DA:208,0
DA:209,0
DA:210,0
DA:211,0
DA:212,0
DA:213,0
DA:215,0
DA:216,0
DA:218,1
DA:240,0
DA:241,0
DA:243,0
DA:245,0
DA:248,0
DA:249,0
DA:250,0
DA:252,0
DA:254,0
DA:256,0
DA:257,0
DA:258,0
DA:260,0
DA:261,0
DA:263,0
DA:265,0
DA:266,0
DA:267,0
DA:269,0
DA:271,0
DA:272,0
DA:274,0
DA:276,0
DA:278,0
DA:279,0
DA:280,0
DA:281,0
DA:283,0
DA:284,0
DA:286,0
DA:288,0
DA:289,0
DA:290,0
DA:291,0
DA:293,0
DA:294,0
DA:295,0
DA:296,0
DA:298,0
DA:300,0
DA:301,0
DA:302,0
DA:303,0
DA:304,0
DA:305,0
DA:306,0
DA:307,0
DA:308,0
DA:310,0
DA:312,0
DA:314,0
DA:315,0
DA:317,0
DA:318,0
DA:319,0
DA:321,0
DA:323,0
DA:325,1
DA:326,1
DA:342,0
DA:352,0
DA:357,0
DA:358,0
DA:359,0
DA:361,0
DA:362,0
DA:363,0
DA:365,0
DA:367,1
DA:384,0
DA:385,0
DA:386,0
DA:387,0
DA:388,0
DA:389,0
DA:390,0
DA:391,0
DA:392,0
DA:393,0
DA:394,0
DA:395,0
DA:396,0
DA:397,0
DA:398,0
DA:399,0
DA:401,0
DA:403,0
DA:405,1
DA:407,0
DA:409,0
DA:411,0
DA:419,0
DA:420,0
DA:422,0
DA:423,0
LF:223
LH:39
FN:17,31,gdal_stop_warnings_and_raise_errors
FNDA:1,gdal_stop_warnings_and_raise_errors
FN:20,23,gdal_stop_warnings_and_raise_errors.GdalErrorHandler.__init__
FNDA:1,gdal_stop_warnings_and_raise_errors.GdalErrorHandler.__init__
FN:24,27,gdal_stop_warnings_and_raise_errors.GdalErrorHandler.handler
FNDA:1,gdal_stop_warnings_and_raise_errors.GdalErrorHandler.handler
FN:35,112,highres_inputs
FNDA:0,highres_inputs
FN:114,153,lowres_inputs
FNDA:0,lowres_inputs
FN:155,170,preprocess
FNDA:0,preprocess
FN:172,216,plot_sharpening
FNDA:0,plot_sharpening
FN:218,323,sharpen
FNDA:0,sharpen
FN:326,365,thermal_sharpen
FNDA:0,thermal_sharpen
FN:367,403,get_cos_solar_zangle
FNDA:0,get_cos_solar_zangle
FNF:10
FNH:3
end_of_record
SF:pywapor/enhancers/gap_fill.py
DA:1,1
DA:2,1
DA:3,1
DA:5,1
DA:25,1
DA:28,1
DA:31,1
DA:34,1
DA:35,1
DA:36,1
DA:37,1
DA:38,1
DA:41,1
DA:42,1
DA:43,1
DA:44,1
DA:45,1
DA:48,1
DA:52,1
DA:53,1
DA:56,1
DA:59,1
DA:61,1
DA:62,0
DA:64,1
DA:66,1
LF:26
LH:25
FN:5,66,gap_fill
FNDA:1,gap_fill
FNF:1
FNH:1
end_of_record
SF:pywapor/enhancers/lulc.py
DA:4,1
DA:5,1
DA:7,1
DA:29,1
DA:31,1
DA:32,1
DA:34,1
DA:36,1
DA:37,1
DA:38,1
DA:41,1
DA:42,0
DA:44,1
DA:45,1
DA:47,0
DA:49,1
DA:51,1
DA:61,0
DA:76,0
DA:78,1
DA:88,0
DA:114,0
DA:116,1
DA:126,0
DA:141,0
DA:143,1
DA:153,0
DA:168,0
DA:170,1
DA:180,1
DA:206,1
DA:208,1
DA:218,1
DA:244,1
DA:246,1
DA:256,1
DA:282,1
DA:284,1
DA:294,1
DA:320,1
LF:40
LH:30
FN:7,49,lulc_to_x
FNDA:1,lulc_to_x
FN:51,76,wapor_to_land_mask
FNDA:0,wapor_to_land_mask
FN:78,114,wapor_to_lue_max
FNDA:0,wapor_to_lue_max
FN:116,141,wapor_to_rs_min
FNDA:0,wapor_to_rs_min
FN:143,168,wapor_to_z_obst_max
FNDA:0,wapor_to_z_obst_max
FN:170,206,globcover_to_land_mask
FNDA:1,globcover_to_land_mask
FN:208,244,globcover_to_lue_max
FNDA:1,globcover_to_lue_max
FN:246,282,globcover_to_rs_min
FNDA:1,globcover_to_rs_min
FN:284,320,globcover_to_z_obst_max
FNDA:1,globcover_to_z_obst_max
FNF:9
FNH:5
end_of_record
SF:pywapor/enhancers/other.py
DA:1,1
DA:19,1
DA:20,1
DA:21,1
LF:4
LH:4
FN:1,21,drop_empty_times
FNDA:1,drop_empty_times
FNF:1
FNH:1
end_of_record
SF:pywapor/enhancers/pressure.py
DA:1,1
DA:16,1
DA:17,1
DA:18,1
LF:4
LH:4
FN:1,18,pa_to_kpa
FNDA:1,pa_to_kpa
FNF:1
FNH:1
end_of_record
SF:pywapor/enhancers/smooth/__init__.py
DA:1,1
DA:2,1
LF:2
LH:2
end_of_record
SF:pywapor/enhancers/smooth/archive.py
DA:1,0
DA:2,0
DA:3,0
DA:4,0
DA:5,0
DA:6,0
DA:7,0
DA:8,0
DA:9,0
DA:10,0
DA:11,0
DA:12,0
DA:14,0
DA:16,0
DA:17,0
DA:18,0
DA:20,0
DA:21,0
DA:22,0
DA:24,0
DA:25,0
DA:26,0
DA:28,0
DA:29,0
DA:30,0
DA:32,0
DA:33,0
DA:34,0
DA:35,0
DA:36,0
DA:38,0
DA:39,0
DA:41,0
DA:43,0
DA:45,0
DA:46,0
DA:48,0
DA:49,0
DA:51,0
DA:52,0
DA:53,0
DA:55,0
DA:56,0
DA:58,0
DA:59,0
DA:61,0
DA:62,0
DA:63,0
DA:65,0
DA:66,0
DA:67,0
DA:68,0
DA:69,0
DA:71,0
DA:73,0
DA:77,0
DA:80,0
DA:83,0
DA:84,0
DA:88,0
DA:89,0
DA:94,0
DA:95,0
DA:97,0
DA:108,0
DA:109,0
DA:116,0
DA:117,0
DA:118,0
DA:122,0
DA:129,0
DA:130,0
DA:133,0
DA:134,0
DA:135,0
DA:137,0
DA:138,0
DA:140,0
DA:141,0
DA:142,0
DA:143,0
DA:144,0
DA:145,0
DA:147,0
DA:149,0
DA:151,0
DA:153,0
DA:155,0
DA:157,0
DA:159,0
DA:161,0
DA:163,0
DA:164,0
DA:166,0
DA:167,0
DA:168,0
DA:169,0
DA:171,0
DA:172,0
DA:173,0
DA:175,0
DA:176,0
DA:178,0
DA:179,0
DA:180,0
DA:182,0
DA:183,0
DA:184,0
DA:187,0
DA:190,0
DA:191,0
DA:193,0
DA:195,0
DA:196,0
DA:198,0
DA:199,0
DA:201,0
DA:202,0
DA:204,0
DA:205,0
DA:207,0
DA:208,0
DA:210,0
DA:211,0
DA:213,0
DA:214,0
DA:216,0
DA:217,0
DA:219,0
DA:220,0
DA:222,0
DA:223,0
DA:224,0
DA:226,0
DA:227,0
DA:228,0
DA:231,0
DA:234,0
DA:235,0
DA:237,0
DA:248,0
DA:249,0
DA:251,0
DA:252,0
DA:254,0
DA:255,0
DA:257,0
DA:258,0
DA:260,0
DA:261,0
DA:263,0
DA:265,0
DA:266,0
DA:268,0
DA:269,0
DA:270,0
DA:272,0
DA:274,0
DA:275,0
DA:276,0
DA:278,0
DA:279,0
DA:280,0
DA:282,0
DA:283,0
DA:284,0
DA:286,0
DA:287,0
DA:288,0
DA:290,0
DA:291,0
DA:292,0
DA:294,0
DA:295,0
DA:296,0
DA:298,0
DA:299,0
DA:300,0
DA:302,0
DA:303,0
DA:304,0
DA:306,0
DA:307,0
DA:308,0
DA:312,0
DA:313,0
DA:315,0
DA:316,0
DA:318,0
DA:319,0
DA:321,0
DA:322,0
DA:324,0
DA:325,0
DA:327,0
DA:328,0
DA:330,0
DA:331,0
DA:333,0
DA:334,0
DA:336,0
DA:338,0
DA:340,0
DA:341,0
DA:342,0
DA:344,0
DA:346,0
DA:347,0
DA:348,0
DA:350,0
DA:351,0
DA:352,0
DA:354,0
DA:355,0
DA:356,0
DA:358,0
DA:359,0
DA:360,0
DA:362,0
DA:363,0
DA:364,0
DA:366,0
DA:367,0
DA:368,0
DA:370,0
DA:371,0
DA:372,0
DA:374,0
DA:375,0
DA:376,0
DA:378,0
DA:379,0
DA:380,0
DA:384,0
DA:385,0
DA:386,0
DA:388,0
DA:389,0
DA:390,0
DA:392,0
DA:393,0
DA:394,0
DA:396,0
DA:397,0
DA:398,0
DA:400,0
DA:401,0
DA:402,0
DA:404,0
DA:405,0
DA:406,0
DA:408,0
DA:409,0
DA:410,0
DA:412,0
DA:413,0
DA:414,0
DA:416,0
DA:418,0
DA:419,0
DA:421,0
DA:422,0
DA:423,0
DA:424,0
DA:425,0
DA:426,0
DA:428,0
DA:434,0
DA:435,0
DA:436,0
DA:437,0
DA:439,0
DA:440,0
DA:441,0
DA:446,0
DA:448,0
DA:450,0
DA:452,0
DA:454,0
DA:456,0
DA:457,0
DA:458,0
DA:459,0
DA:460,0
DA:461,0
DA:462,0
DA:463,0
DA:465,0
DA:475,0
DA:477,0
DA:478,0
DA:479,0
DA:480,0
DA:482,0
DA:483,0
DA:485,0
DA:486,0
DA:489,0
DA:490,0
DA:491,0
DA:492,0
DA:494,0
DA:496,0
DA:498,0
DA:499,0
DA:500,0
DA:501,0
DA:503,0
DA:505,0
DA:506,0
LF:310
LH:0
FN:14,41,filter_ts
FNDA:0,filter_ts
FN:43,71,open_ts
FNDA:0,open_ts
FN:73,149,cross_val_lmbda
FNDA:0,cross_val_lmbda
FN:151,164,cross_val_lmbda_ref
FNDA:0,cross_val_lmbda_ref
FN:166,173,test_cross_val
FNDA:0,test_cross_val
FN:175,217,test_shapes_z
FNDA:0,test_shapes_z
FN:219,261,test_shapes_cve
FNDA:0,test_shapes_cve
FN:263,334,test_whittaker_main
FNDA:0,test_whittaker_main
FN:336,414,test_cve_main
FNDA:0,test_cve_main
FN:416,492,test_whittaker_smoothing
FNDA:0,test_whittaker_smoothing
FNF:10
FNH:0
end_of_record
SF:pywapor/enhancers/smooth/core.py
DA:4,0
DA:5,0
DA:7,0
DA:8,0
DA:11,0
DA:12,0
DA:13,0
DA:14,0
DA:15,0
DA:16,0
DA:17,0
DA:19,0
DA:20,0
DA:21,0
DA:22,0
DA:23,0
DA:24,0
DA:25,0
DA:26,0
DA:28,0
DA:29,0
DA:30,0
DA:31,0
DA:32,0
DA:33,0
DA:34,0
DA:35,0
DA:37,0
DA:38,0
DA:39,0
DA:40,0
DA:41,0
DA:42,0
DA:43,0
DA:45,0
DA:46,0
DA:47,0
DA:48,0
DA:49,0
DA:50,0
DA:51,0
DA:52,0
DA:53,0
DA:54,0
DA:55,0
DA:56,0
DA:58,0
DA:59,0
DA:60,0
DA:61,0
DA:62,0
DA:63,0
DA:64,0
DA:66,0
DA:68,0
DA:69,0
DA:71,0
DA:73,0
DA:74,0
DA:75,0
DA:77,0
DA:78,0
DA:79,0
DA:80,0
DA:81,0
DA:82,0
DA:83,0
DA:84,0
DA:86,0
DA:87,0
DA:88,0
DA:90,0
DA:91,0
DA:94,0
DA:95,0
DA:96,0
DA:97,0
DA:98,0
DA:99,0
DA:100,0
DA:102,0
DA:103,0
DA:104,0
DA:105,0
DA:106,0
DA:108,0
DA:109,0
DA:110,0
DA:111,0
DA:112,0
DA:113,0
DA:114,0
DA:115,0
DA:116,0
DA:117,0
DA:118,0
DA:119,0
DA:120,0
DA:121,0
DA:123,0
DA:125,0
DA:126,0
DA:127,0
DA:128,0
DA:129,0
DA:130,0
DA:131,0
DA:132,0
DA:133,0
LF:109
LH:0
FN:7,17,second_order_diff_matrix
FNDA:0,second_order_diff_matrix
FN:20,26,iterator
FNDA:0,iterator
FN:29,35,initiator
FNDA:0,initiator
FN:38,64,whittaker
FNDA:0,whittaker
FN:68,69,_wt1
FNDA:0,_wt1
FN:73,75,_wt2
FNDA:0,_wt2
FN:77,88,wt
FNDA:0,wt
FN:90,106,dist_to_finite
FNDA:0,dist_to_finite
FN:91,104,dist_to_finite._dtf
FNDA:0,dist_to_finite._dtf
FN:108,121,cve0
FNDA:0,cve0
FN:109,118,cve0._cve
FNDA:0,cve0._cve
FN:125,133,cve1
FNDA:0,cve1
FNF:12
FNH:0
end_of_record
SF:pywapor/enhancers/smooth/plotters.py
DA:1,1
DA:2,1
DA:3,1
DA:4,1
DA:5,1
DA:6,1
DA:7,1
DA:8,1
DA:9,1
DA:10,1
DA:11,1
DA:13,1
DA:14,0
DA:15,0
DA:16,0
DA:17,0
DA:18,0
DA:19,0
DA:20,0
DA:21,0
DA:26,0
DA:28,0
DA:29,0
DA:30,0
DA:31,0
DA:32,0
DA:33,0
DA:34,0
DA:35,0
DA:36,0
DA:37,0
DA:38,0
DA:39,0
DA:40,0
DA:41,0
DA:42,0
DA:43,0
DA:44,0
DA:45,0
DA:47,0
DA:48,0
DA:49,0
DA:50,0
DA:51,0
DA:52,0
DA:53,0
DA:54,0
DA:55,0
DA:56,0
DA:57,0
DA:58,0
DA:59,0
DA:60,0
DA:61,0
DA:63,0
DA:64,0
DA:65,0
DA:66,0
DA:67,0
DA:68,0
DA:69,0
DA:70,0
DA:71,0
DA:72,0
DA:73,0
DA:74,0
DA:75,0
DA:76,0
DA:78,1
DA:79,0
DA:80,0
DA:81,0
DA:82,0
DA:83,0
DA:84,0
DA:85,0
DA:86,0
DA:87,0
DA:88,0
DA:89,0
DA:91,0
DA:92,0
DA:93,0
DA:94,0
DA:95,0
DA:97,0
DA:98,0
DA:99,0
DA:101,0
DA:103,1
DA:105,0
DA:106,0
DA:108,0
DA:109,0
DA:110,0
DA:112,0
DA:114,0
DA:115,0
DA:117,0
DA:118,0
DA:119,0
DA:120,0
DA:121,0
DA:123,0
DA:124,0
DA:125,0
DA:126,0
DA:127,0
DA:128,0
DA:130,1
DA:132,0
DA:133,0
DA:134,0
DA:135,0
DA:136,0
DA:138,0
DA:139,0
DA:141,0
DA:142,0
DA:143,0
DA:144,0
DA:146,0
DA:148,0
DA:149,0
DA:150,0
DA:151,0
DA:153,0
DA:154,0
DA:155,0
DA:157,0
DA:158,0
DA:159,0
DA:161,0
DA:162,0
DA:163,0
DA:164,0
DA:165,0
DA:167,0
DA:168,0
DA:169,0
DA:170,0
DA:171,0
DA:173,0
DA:174,0
DA:175,0
DA:177,1
DA:179,0
DA:181,0
DA:182,0
DA:184,0
DA:185,0
DA:186,0
DA:188,0
DA:189,0
DA:190,0
DA:192,0
DA:194,0
DA:196,0
DA:198,1
DA:200,0
DA:201,0
DA:202,0
DA:203,0
DA:204,0
DA:205,0
DA:207,0
DA:208,0
DA:210,0
DA:211,0
DA:213,0
DA:214,0
DA:216,0
DA:218,0
DA:219,0
DA:220,0
DA:221,0
DA:223,1
DA:225,0
DA:227,0
DA:229,0
DA:231,0
DA:232,0
DA:234,1
DA:236,0
DA:237,0
DA:238,0
DA:239,0
DA:240,0
DA:242,0
DA:243,0
DA:244,0
DA:245,0
DA:246,0
DA:247,0
DA:248,0
DA:249,0
DA:250,0
DA:251,0
DA:252,0
DA:253,0
DA:254,0
DA:255,0
DA:256,0
DA:257,0
DA:258,0
DA:260,0
DA:261,0
DA:263,0
LF:208
LH:19
FN:13,76,plot_point
FNDA:0,plot_point
FN:78,101,plot_map
FNDA:0,plot_map
FN:103,128,plot_video_frame
FNDA:0,plot_video_frame
FN:130,175,make_overview
FNDA:0,make_overview
FN:177,196,make_video
FNDA:0,make_video
FN:198,221,create_points
FNDA:0,create_points
FN:223,232,create_worst_points
FNDA:0,create_worst_points
FN:234,263,create_video
FNDA:0,create_video
FNF:8
FNH:0
end_of_record
SF:pywapor/enhancers/smooth/whittaker.py
DA:1,1
DA:2,1
DA:3,1
DA:4,1
DA:5,1
DA:7,1
DA:9,0
DA:11,0
DA:12,0
DA:14,0
DA:22,0
DA:24,1
DA:26,0
DA:28,0
DA:29,0
DA:30,0
DA:31,0
DA:32,0
DA:33,0
DA:34,0
DA:35,0
DA:36,0
DA:38,0
DA:39,0
DA:40,0
DA:42,0
DA:44,1
DA:46,0
DA:49,0
DA:52,0
DA:55,0
DA:58,0
DA:59,0
DA:62,0
DA:69,0
DA:71,1
DA:74,0
DA:77,0
DA:80,0
DA:83,0
DA:86,0
DA:87,0
DA:90,0
DA:93,0
DA:94,0
DA:97,0
DA:105,0
DA:109,0
DA:111,1
DA:112,0
DA:113,0
DA:114,0
DA:115,0
DA:116,0
DA:117,0
DA:119,1
DA:122,0
DA:123,0
DA:124,0
DA:125,0
DA:126,0
DA:127,0
DA:128,0
DA:129,0
DA:131,0
DA:132,0
DA:133,0
DA:134,0
DA:135,0
DA:136,0
DA:137,0
DA:138,0
DA:139,0
DA:141,0
DA:144,0
DA:145,0
DA:146,0
DA:147,0
DA:148,0
DA:149,0
DA:150,0
DA:151,0
DA:153,0
DA:155,0
DA:156,0
DA:157,0
DA:158,0
DA:159,0
DA:160,0
DA:161,0
DA:162,0
DA:163,0
DA:164,0
DA:165,0
DA:166,0
DA:168,0
DA:170,0
DA:172,1
DA:206,0
DA:209,0
DA:210,0
DA:211,0
DA:214,0
DA:215,0
DA:216,0
DA:217,0
DA:220,0
DA:223,0
DA:224,0
DA:225,0
DA:226,0
DA:227,0
DA:228,0
DA:229,0
DA:232,0
DA:235,0
DA:236,0
DA:237,0
DA:238,0
DA:240,0
DA:243,0
DA:244,0
DA:245,0
DA:246,0
DA:247,0
DA:248,0
DA:249,0
DA:250,0
DA:251,0
DA:252,0
DA:255,0
DA:260,0
DA:263,0
DA:264,0
DA:265,0
DA:268,0
DA:269,0
DA:273,0
DA:274,0
DA:277,0
DA:278,0
DA:279,0
DA:280,0
DA:283,0
DA:285,0
DA:286,0
DA:288,0
DA:289,0
DA:292,0
DA:293,0
DA:294,0
DA:295,0
DA:296,0
DA:298,0
DA:299,0
DA:300,0
DA:301,0
DA:302,0
DA:304,0
DA:306,1
DA:308,0
DA:310,0
DA:312,0
DA:313,0
DA:315,0
DA:316,0
DA:318,0
DA:319,0
DA:320,0
DA:321,0
DA:322,0
DA:323,0
DA:324,0
DA:325,0
DA:326,0
DA:327,0
DA:328,0
DA:329,0
DA:330,0
DA:334,0
DA:339,0
DA:340,0
DA:342,0
DA:343,0
DA:344,0
DA:345,0
LF:186
LH:13
FN:7,22,xr_dist_to_finite
FNDA:0,xr_dist_to_finite
FN:24,42,xr_choose_func
FNDA:0,xr_choose_func
FN:44,69,xr_cve
FNDA:0,xr_cve
FN:71,109,xr_wt
FNDA:0,xr_wt
FN:111,117,make_weights
FNDA:0,make_weights
FN:119,170,assert_dtypes
FNDA:0,assert_dtypes
FN:172,304,whittaker_smoothing
FNDA:0,whittaker_smoothing
FNF:7
FNH:0
end_of_record
SF:pywapor/enhancers/temperature.py
DA:3,1
DA:4,1
DA:5,1
DA:6,1
DA:8,1
DA:26,0
DA:28,0
DA:29,0
DA:31,0
DA:33,0
DA:35,1
DA:55,0
DA:56,1
DA:58,0
DA:59,1
DA:61,0
DA:63,0
DA:64,1
DA:66,0
DA:68,0
DA:69,1
DA:72,0
DA:74,0
DA:75,1
DA:77,0
DA:79,0
DA:81,1
DA:100,0
DA:101,0
DA:102,0
DA:105,0
DA:107,0
DA:108,0
DA:110,0
DA:112,0
DA:114,1
DA:127,0
DA:128,0
DA:129,0
DA:130,0
DA:132,1
DA:161,0
DA:163,0
DA:164,0
DA:166,0
DA:168,0
DA:170,0
DA:171,0
DA:172,0
DA:173,0
DA:175,0
DA:176,0
DA:177,0
DA:182,0
DA:184,0
DA:186,0
DA:188,0
DA:189,0
DA:191,0
DA:192,0
DA:194,0
DA:196,0
DA:198,1
DA:222,0
DA:224,0
DA:228,0
DA:229,0
DA:231,0
DA:233,0
DA:235,0
DA:236,0
DA:238,0
DA:239,0
DA:241,0
DA:243,1
DA:262,0
DA:263,1
DA:266,0
DA:267,0
DA:268,0
DA:270,0
DA:271,0
DA:272,0
DA:274,0
DA:275,0
DA:276,0
DA:279,0
DA:281,1
DA:305,0
DA:307,0
DA:308,0
DA:309,0
DA:310,0
DA:311,0
DA:313,0
DA:314,0
DA:316,0
DA:318,0
DA:320,0
LF:99
LH:18
FN:8,33,template
FNDA:0,template
FN:35,79,kelvin_to_celsius
FNDA:1,kelvin_to_celsius
FN:81,112,celsius_to_kelvin
FNDA:0,celsius_to_kelvin
FN:114,130,lapse_rate_to_all
FNDA:0,lapse_rate_to_all
FN:132,196,lapse_rate
FNDA:0,lapse_rate
FN:198,241,create_circle
FNDA:0,create_circle
FN:243,279,local_mean
FNDA:1,local_mean
FN:281,320,bt_to_lst
FNDA:0,bt_to_lst
FNF:8
FNH:2
end_of_record
SF:pywapor/enhancers/wind.py
DA:1,1
DA:3,1
DA:21,1
DA:22,1
DA:24,1
DA:25,1
DA:26,1
DA:28,1
DA:43,1
DA:44,1
DA:45,1
LF:11
LH:11
FN:3,26,adjust_wind_height
FNDA:1,adjust_wind_height
FN:28,45,windspeed
FNDA:1,windspeed
FNF:2
FNH:2
end_of_record
SF:pywapor/et_look.py
DA:5,1
DA:6,1
DA:7,1
DA:8,1
DA:9,1
DA:10,1
DA:11,1
DA:12,1
DA:14,1
DA:40,0
DA:41,0
DA:43,0
DA:44,0
DA:46,0
DA:48,0
DA:49,0
DA:52,0
DA:54,0
DA:58,0
DA:60,0
DA:62,0
DA:63,0
DA:64,0
DA:66,0
DA:67,0
DA:68,0
DA:70,0
DA:71,0
DA:72,0
DA:74,0
DA:75,0
DA:80,0
DA:81,0
DA:82,0
DA:87,0
DA:90,0
DA:91,0
DA:93,0
DA:95,0
DA:96,0
DA:97,0
DA:99,0
DA:100,0
DA:101,0
DA:102,0
DA:103,0
DA:105,0
DA:106,0
DA:107,0
DA:109,0
DA:110,0
DA:111,0
DA:112,0
DA:114,0
DA:115,0
DA:117,0
DA:118,0
DA:119,0
DA:121,0
DA:122,0
DA:123,0
DA:125,0
DA:128,0
DA:129,0
DA:130,0
DA:131,0
DA:132,0
DA:133,0
DA:134,0
DA:136,0
DA:137,0
DA:140,0
DA:141,0
DA:142,0
DA:145,0
DA:146,0
DA:147,0
DA:148,0
DA:149,0
DA:152,0
DA:155,0
DA:156,0
DA:157,0
DA:158,0
DA:159,0
DA:160,0
DA:163,0
DA:166,0
DA:167,0
DA:170,0
DA:171,0
DA:176,0
DA:179,0
DA:182,0
DA:185,0
DA:188,0
DA:189,0
DA:191,0
DA:192,0
DA:193,0
DA:194,0
DA:195,0
DA:198,0
DA:199,0
DA:200,0
DA:203,0
DA:204,0
DA:205,0
DA:207,0
DA:208,0
DA:210,0
DA:212,0
DA:213,0
DA:214,0
DA:215,0
DA:217,0
DA:219,0
DA:220,0
DA:222,0
DA:223,0
DA:225,0
DA:226,0
DA:227,0
DA:229,0
DA:231,0
DA:233,0
DA:235,0
DA:236,0
DA:237,0
DA:238,0
DA:246,0
DA:247,0
DA:248,0
DA:249,0
DA:250,0
DA:252,0
DA:254,0
DA:255,0
DA:256,0
DA:258,0
DA:259,0
DA:260,0
DA:261,0
DA:262,0
DA:264,0
DA:265,0
DA:266,0
DA:267,0
DA:268,0
DA:269,0
DA:270,0
DA:271,0
DA:272,0
DA:274,0
DA:275,0
DA:277,0
DA:279,1
DA:280,0
DA:281,0
DA:282,0
DA:283,0
DA:285,1
DA:286,0
DA:287,0
DA:288,0
DA:289,0
LF:166
LH:11
FN:14,277,main
FNDA:0,main
FN:279,283,check_for_non_chuncked_arrays
FNDA:0,check_for_non_chuncked_arrays
FNF:2
FNH:0
end_of_record
SF:pywapor/et_look_v2_v3/__init__.py
DA:266,1
DA:282,1
LF:2
LH:2
end_of_record
SF:pywapor/et_look_v2_v3/biomass.py
DA:6,1
DA:7,1
DA:9,1
DA:51,0
DA:53,0
DA:54,0
DA:56,0
DA:57,0
DA:60,1
DA:94,0
DA:96,0
DA:98,1
DA:123,0
DA:126,1
DA:160,0
DA:162,0
DA:163,0
DA:164,0
DA:165,0
DA:166,0
DA:169,1
DA:187,0
DA:189,0
DA:190,0
DA:191,0
DA:192,0
DA:195,1
DA:213,0
DA:215,0
DA:216,0
DA:217,0
DA:218,0
DA:221,1
DA:239,0
DA:240,0
DA:241,0
DA:242,0
DA:244,0
DA:246,0
DA:247,0
DA:248,0
DA:249,0
DA:251,0
DA:252,0
DA:253,0
DA:254,0
DA:257,1
DA:301,0
DA:302,0
DA:303,0
DA:306,1
DA:334,0
DA:337,1
DA:376,0
DA:377,0
DA:380,1
DA:413,0
LF:57
LH:13
FN:9,57,fpar
FNDA:0,fpar
FN:60,96,par
FNDA:0,par
FN:98,123,co2_level_annual
FNDA:0,co2_level_annual
FN:126,166,temperature_dependency
FNDA:0,temperature_dependency
FN:169,192,co2_o2_specificity_ratio
FNDA:0,co2_o2_specificity_ratio
FN:195,218,inhibition_constant_o2
FNDA:0,inhibition_constant_o2
FN:221,254,affinity_constant_co2
FNDA:0,affinity_constant_co2
FN:257,303,co2_fertilisation
FNDA:0,co2_fertilisation
FN:306,334,autotrophic_respiration
FNDA:0,autotrophic_respiration
FN:337,377,net_primary_production_max
FNDA:0,net_primary_production_max
FN:380,413,net_primary_production
FNDA:0,net_primary_production
FNF:11
FNH:0
end_of_record
SF:pywapor/et_look_v2_v3/clear_sky_radiation.py
DA:7,1
DA:8,1
DA:10,1
DA:37,0
DA:40,1
DA:63,0
DA:66,1
DA:91,0
DA:94,1
DA:110,0
DA:113,1
DA:138,0
DA:141,1
DA:173,0
DA:175,0
DA:177,0
DA:178,0
DA:180,0
DA:182,0
DA:185,1
DA:215,0
DA:216,0
DA:218,0
DA:221,1
DA:244,0
DA:246,0
DA:249,1
DA:287,0
DA:288,0
DA:290,0
DA:292,0
DA:294,0
DA:296,0
DA:297,0
DA:299,0
DA:302,1
DA:335,0
DA:336,0
DA:337,0
DA:339,0
DA:340,0
DA:342,0
DA:345,1
DA:384,0
DA:385,0
DA:386,0
DA:388,0
DA:390,0
DA:393,1
DA:420,0
DA:421,0
DA:422,0
DA:424,0
DA:426,0
DA:429,1
DA:468,0
DA:470,0
DA:471,0
DA:473,0
DA:475,0
DA:478,1
DA:534,0
DA:535,0
DA:537,0
DA:538,0
DA:539,0
DA:541,0
DA:542,0
DA:543,0
DA:545,0
DA:547,0
DA:549,0
DA:550,0
DA:552,0
DA:554,0
DA:557,1
DA:586,0
DA:588,0
LF:78
LH:17
FN:10,37,extraterrestrial_irradiance_normal
FNDA:0,extraterrestrial_irradiance_normal
FN:40,63,inverse_earth_sun_distance
FNDA:0,inverse_earth_sun_distance
FN:66,91,day_angle
FNDA:0,day_angle
FN:94,110,solar_constant
FNDA:0,solar_constant
FN:113,138,declination
FNDA:0,declination
FN:141,182,relative_optical_airmass
FNDA:0,relative_optical_airmass
FN:185,218,solar_elevation_angle_refracted
FNDA:0,solar_elevation_angle_refracted
FN:221,246,hour_angle
FNDA:0,hour_angle
FN:249,299,solar_elevation_angle
FNDA:0,solar_elevation_angle
FN:302,342,rayleigh_optical_thickness
FNDA:0,rayleigh_optical_thickness
FN:345,390,beam_irradiance_normal_clear
FNDA:0,beam_irradiance_normal_clear
FN:393,426,beam_irradiance_horizontal_clear
FNDA:0,beam_irradiance_horizontal_clear
FN:429,475,linke_turbidity
FNDA:0,linke_turbidity
FN:478,554,diffuse_irradiance_horizontal_clear
FNDA:0,diffuse_irradiance_horizontal_clear
FN:557,588,ra_clear_horizontal
FNDA:0,ra_clear_horizontal
FNF:15
FNH:0
end_of_record
SF:pywapor/et_look_v2_v3/constants.py
DA:2,1
DA:5,1
DA:6,1
DA:7,1
DA:9,1
DA:10,1
DA:11,1
DA:12,1
DA:13,1
DA:14,1
DA:15,1
DA:16,1
DA:17,1
DA:18,1
DA:19,1
DA:20,1
DA:21,1
DA:22,1
DA:23,1
DA:25,1
DA:26,1
DA:29,1
DA:35,1
DA:36,1
DA:37,1
DA:46,1
DA:47,1
DA:48,1
DA:49,1
DA:50,1
DA:51,1
DA:55,1
DA:56,1
DA:57,1
DA:58,1
DA:59,1
DA:60,1
DA:61,1
DA:65,1
DA:66,1
DA:67,1
DA:68,1
DA:69,1
DA:73,1
DA:74,1
DA:75,1
DA:76,1
DA:77,1
DA:78,1
DA:79,1
DA:80,1
DA:82,1
DA:83,1
DA:84,1
DA:85,1
DA:89,1
DA:90,1
DA:91,1
DA:95,1
DA:99,1
DA:103,1
DA:104,1
DA:110,1
DA:111,1
DA:115,1
LF:65
LH:65
end_of_record
SF:pywapor/et_look_v2_v3/evapotranspiration.py
DA:1,1
DA:2,1
DA:3,1
DA:5,1
DA:46,0
DA:47,0
DA:49,0
DA:51,0
DA:53,0
DA:54,0
DA:56,0
DA:58,0
DA:61,1
DA:123,0
DA:124,0
DA:125,0
DA:127,0
DA:130,1
DA:160,0
DA:162,0
DA:163,0
DA:165,0
DA:167,0
DA:170,1
DA:200,0
LF:25
LH:7
FN:5,58,interception_mm
FNDA:0,interception_mm
FN:61,127,et_reference
FNDA:0,et_reference
FN:130,167,et_reference_mm
FNDA:0,et_reference_mm
FN:170,200,eti_actual_mm
FNDA:0,eti_actual_mm
FNF:4
FNH:0
end_of_record
SF:pywapor/et_look_v2_v3/leaf.py
DA:6,1
DA:7,1
DA:9,1
DA:62,1
DA:64,1
DA:65,0
DA:66,1
DA:67,1
DA:68,1
DA:69,0
DA:73,0
DA:75,0
DA:78,0
DA:79,0
DA:81,0
DA:83,0
DA:84,0
DA:85,0
DA:87,1
DA:90,1
DA:145,0
DA:146,0
DA:147,0
DA:148,0
DA:149,0
DA:150,0
DA:151,0
DA:153,0
DA:154,0
DA:155,0
DA:156,0
DA:158,0
DA:161,0
DA:164,0
DA:165,0
DA:167,0
DA:169,0
DA:172,1
DA:207,0
DA:208,0
LF:40
LH:11
FN:9,87,vegetation_cover
FNDA:1,vegetation_cover
FN:90,169,leaf_area_index
FNDA:0,leaf_area_index
FN:172,208,effective_leaf_area_index
FNDA:0,effective_leaf_area_index
FNF:3
FNH:1
end_of_record
SF:pywapor/et_look_v2_v3/meteo.py
DA:9,1
DA:10,1
DA:11,1
DA:13,1
DA:36,0
DA:39,1
DA:64,0
DA:67,1
DA:84,0
DA:87,1
DA:104,0
DA:107,1
DA:126,0
DA:129,1
DA:181,0
DA:184,1
DA:218,0
DA:221,1
DA:255,0
DA:258,1
DA:289,0
DA:292,1
DA:325,0
DA:327,1
DA:360,0
DA:362,1
DA:383,0
DA:386,1
DA:412,0
DA:415,1
DA:441,0
DA:444,1
DA:470,0
DA:473,1
DA:492,0
DA:495,1
DA:514,0
DA:517,1
DA:548,0
DA:551,1
DA:572,0
DA:575,1
DA:606,0
DA:609,1
DA:627,0
DA:630,1
DA:648,0
DA:651,1
DA:684,0
DA:687,1
DA:721,0
DA:722,0
DA:725,1
DA:744,0
DA:747,1
DA:765,0
DA:768,1
DA:803,0
DA:804,0
DA:805,0
DA:807,0
DA:809,0
DA:812,1
DA:833,0
DA:836,1
DA:881,0
DA:884,1
DA:906,0
DA:909,1
DA:950,0
DA:953,1
DA:979,0
DA:982,1
DA:1008,0
DA:1011,1
DA:1048,0
DA:1051,1
DA:1074,0
DA:1077,1
DA:1100,0
DA:1103,1
DA:1138,0
DA:1141,1
DA:1165,0
DA:1168,1
DA:1191,0
DA:1194,1
DA:1231,0
DA:1234,1
DA:1252,0
DA:1255,1
DA:1297,0
DA:1300,1
DA:1322,0
DA:1325,1
DA:1365,0
DA:1367,0
DA:1369,0
DA:1370,0
DA:1372,0
DA:1374,0
DA:1377,1
DA:1403,0
DA:1406,1
DA:1421,0
DA:1424,1
DA:1441,0
LF:107
LH:50
FN:13,36,mean_temperature_kelvin_daytime
FNDA:0,mean_temperature_kelvin_daytime
FN:39,64,air_temperature_kelvin
FNDA:0,air_temperature_kelvin
FN:67,84,air_temperature_kelvin_daily
FNDA:0,air_temperature_kelvin_daily
FN:87,104,air_temperature_kelvin_inst
FNDA:0,air_temperature_kelvin_inst
FN:107,126,wet_bulb_temperature_kelvin_inst
FNDA:0,wet_bulb_temperature_kelvin_inst
FN:129,181,disaggregate_air_temperature
FNDA:0,disaggregate_air_temperature
FN:184,218,disaggregate_air_temperature_daily
FNDA:0,disaggregate_air_temperature_daily
FN:221,255,disaggregate_air_temperature_inst
FNDA:0,disaggregate_air_temperature_inst
FN:258,289,disaggregate_dew_point_temperature_inst
FNDA:0,disaggregate_dew_point_temperature_inst
FN:292,325,vapour_pressure_from_specific_humidity
FNDA:0,vapour_pressure_from_specific_humidity
FN:327,360,specific_humidity_from_vapour_pressure
FNDA:0,specific_humidity_from_vapour_pressure
FN:362,383,vapour_pressure_from_specific_humidity_daily
FNDA:0,vapour_pressure_from_specific_humidity_daily
FN:386,412,vapour_pressure_from_dewpoint
FNDA:0,vapour_pressure_from_dewpoint
FN:415,441,vapour_pressure_from_dewpoint_daily
FNDA:0,vapour_pressure_from_dewpoint_daily
FN:444,470,vapour_pressure_from_dewpoint_inst
FNDA:0,vapour_pressure_from_dewpoint_inst
FN:473,492,saturated_vapour_pressure_minimum
FNDA:0,saturated_vapour_pressure_minimum
FN:495,514,saturated_vapour_pressure_maximum
FNDA:0,saturated_vapour_pressure_maximum
FN:517,548,saturated_vapour_pressure_average
FNDA:0,saturated_vapour_pressure_average
FN:551,572,vapour_pressure_from_specific_humidity_inst
FNDA:0,vapour_pressure_from_specific_humidity_inst
FN:575,606,saturated_vapour_pressure
FNDA:0,saturated_vapour_pressure
FN:609,627,saturated_vapour_pressure_daily
FNDA:0,saturated_vapour_pressure_daily
FN:630,648,saturated_vapour_pressure_inst
FNDA:0,saturated_vapour_pressure_inst
FN:651,684,vapour_pressure
FNDA:0,vapour_pressure
FN:687,722,slope_saturated_vapour_pressure
FNDA:0,slope_saturated_vapour_pressure
FN:725,744,slope_saturated_vapour_pressure_daily
FNDA:0,slope_saturated_vapour_pressure_daily
FN:747,765,slope_saturated_vapour_pressure_inst
FNDA:0,slope_saturated_vapour_pressure_inst
FN:768,809,vapour_pressure_deficit
FNDA:0,vapour_pressure_deficit
FN:812,833,vapour_pressure_deficit_daily
FNDA:0,vapour_pressure_deficit_daily
FN:836,881,air_pressure
FNDA:0,air_pressure
FN:884,906,air_pressure_daily
FNDA:0,air_pressure_daily
FN:909,950,dry_air_density
FNDA:0,dry_air_density
FN:953,979,dry_air_density_daily
FNDA:0,dry_air_density_daily
FN:982,1008,dry_air_density_inst
FNDA:0,dry_air_density_inst
FN:1011,1048,moist_air_density
FNDA:0,moist_air_density
FN:1051,1074,moist_air_density_daily
FNDA:0,moist_air_density_daily
FN:1077,1100,moist_air_density_inst
FNDA:0,moist_air_density_inst
FN:1103,1138,air_density
FNDA:0,air_density
FN:1141,1165,air_density_daily
FNDA:0,air_density_daily
FN:1168,1191,air_density_inst
FNDA:0,air_density_inst
FN:1194,1231,latent_heat
FNDA:0,latent_heat
FN:1234,1252,latent_heat_daily
FNDA:0,latent_heat_daily
FN:1255,1297,psychrometric_constant
FNDA:0,psychrometric_constant
FN:1300,1322,psychrometric_constant_daily
FNDA:0,psychrometric_constant_daily
FN:1325,1374,wind_speed_blending_height
FNDA:0,wind_speed_blending_height
FN:1377,1403,wind_speed_blending_height_daily
FNDA:0,wind_speed_blending_height_daily
FN:1406,1421,wind_speed
FNDA:0,wind_speed
FN:1424,1441,air_pressure_kpa2mbar
FNDA:0,air_pressure_kpa2mbar
FNF:47
FNH:0
end_of_record
SF:pywapor/et_look_v2_v3/neutral.py
DA:1,1
DA:2,1
DA:5,1
DA:45,0
DA:48,1
DA:108,0
DA:110,0
DA:111,0
DA:114,1
DA:145,0
DA:148,1
DA:187,0
DA:190,1
DA:246,0
DA:248,0
DA:249,0
DA:252,1
DA:283,0
LF:18
LH:8
FN:5,45,initial_soil_aerodynamic_resistance
FNDA:0,initial_soil_aerodynamic_resistance
FN:48,111,initial_daily_evaporation
FNDA:0,initial_daily_evaporation
FN:114,145,initial_daily_evaporation_mm
FNDA:0,initial_daily_evaporation_mm
FN:148,187,initial_canopy_aerodynamic_resistance
FNDA:0,initial_canopy_aerodynamic_resistance
FN:190,249,initial_daily_transpiration
FNDA:0,initial_daily_transpiration
FN:252,283,initial_daily_transpiration_mm
FNDA:0,initial_daily_transpiration_mm
FNF:6
FNH:0
end_of_record
SF:pywapor/et_look_v2_v3/radiation.py
DA:1,1
DA:2,1
DA:3,1
DA:5,1
DA:42,0
DA:45,1
DA:75,0
DA:78,1
DA:123,0
DA:124,0
DA:125,0
DA:126,0
DA:127,0
DA:130,1
DA:190,0
DA:193,1
DA:233,0
DA:236,1
DA:269,0
DA:272,1
DA:304,0
DA:307,1
DA:343,0
DA:346,1
DA:379,0
DA:382,1
DA:410,0
DA:413,1
DA:449,0
DA:453,1
DA:509,0
DA:510,0
DA:512,0
DA:514,0
DA:516,0
DA:519,1
DA:579,0
DA:580,0
DA:582,0
DA:583,0
DA:584,0
DA:585,0
DA:588,0
DA:590,0
DA:592,0
DA:593,0
DA:594,0
DA:595,0
DA:596,0
DA:598,0
DA:599,0
DA:600,0
DA:601,0
DA:603,0
LF:54
LH:16
FN:5,42,interception_wm2
FNDA:0,interception_wm2
FN:45,75,soil_fraction
FNDA:0,soil_fraction
FN:78,127,longwave_radiation_fao_etref
FNDA:0,longwave_radiation_fao_etref
FN:130,190,longwave_radiation_fao
FNDA:0,longwave_radiation_fao
FN:193,233,net_radiation
FNDA:0,net_radiation
FN:236,269,net_radiation_canopy
FNDA:0,net_radiation_canopy
FN:272,304,net_radiation_soil
FNDA:0,net_radiation_soil
FN:307,343,net_radiation_grass
FNDA:0,net_radiation_grass
FN:346,379,volumetric_heat_capacity
FNDA:0,volumetric_heat_capacity
FN:382,410,soil_thermal_conductivity
FNDA:0,soil_thermal_conductivity
FN:413,449,damping_depth
FNDA:0,damping_depth
FN:453,516,bare_soil_heat_flux
FNDA:0,bare_soil_heat_flux
FN:519,603,soil_heat_flux
FNDA:0,soil_heat_flux
FN:579,580,soil_heat_flux.land_city_func
FNDA:0,soil_heat_flux.land_city_func
FN:582,590,soil_heat_flux.water_func
FNDA:0,soil_heat_flux.water_func
FNF:15
FNH:0
end_of_record
SF:pywapor/et_look_v2_v3/resistance.py
DA:1,1
DA:2,1
DA:4,1
DA:55,0
DA:56,0
DA:58,0
DA:59,0
DA:60,0
DA:62,0
DA:64,0
DA:67,1
DA:104,0
DA:105,0
DA:107,0
DA:109,0
DA:112,1
DA:152,0
DA:153,0
DA:154,0
DA:156,0
DA:157,0
DA:159,0
LF:22
LH:5
FN:4,64,atmospheric_canopy_resistance
FNDA:0,atmospheric_canopy_resistance
FN:67,109,canopy_resistance
FNDA:0,canopy_resistance
FN:112,159,soil_resistance
FNDA:0,soil_resistance
FNF:3
FNH:0
end_of_record
SF:pywapor/et_look_v2_v3/roughness.py
DA:5,1
DA:6,1
DA:8,1
DA:71,0
DA:72,0
DA:73,0
DA:75,0
DA:76,0
DA:78,0
DA:81,0
DA:82,0
DA:83,0
DA:85,0
DA:87,0
DA:88,0
DA:89,0
DA:91,0
DA:93,0
DA:94,0
DA:95,0
DA:97,0
DA:98,0
DA:100,0
DA:103,1
DA:158,0
DA:159,0
DA:162,0
DA:163,0
DA:164,0
DA:165,0
DA:167,0
DA:168,0
DA:169,0
DA:170,0
DA:172,0
DA:174,1
DA:232,0
DA:233,0
DA:235,0
DA:236,0
DA:237,0
DA:238,0
DA:239,0
DA:240,0
DA:242,0
DA:243,0
DA:244,0
DA:245,0
DA:246,0
DA:248,0
LF:50
LH:5
FN:8,100,roughness_length
FNDA:0,roughness_length
FN:71,78,roughness_length.veg_roughness
FNDA:0,roughness_length.veg_roughness
FN:103,172,obstacle_height
FNDA:0,obstacle_height
FN:158,160,obstacle_height.frac_func
FNDA:0,obstacle_height.frac_func
FN:174,248,displacement_height
FNDA:0,displacement_height
FN:232,233,displacement_height.disp_func
FNDA:0,displacement_height.disp_func
FNF:6
FNH:0
end_of_record
SF:pywapor/et_look_v2_v3/soil_moisture.py
DA:6,1
DA:7,1
DA:8,1
DA:9,1
DA:12,1
DA:34,0
DA:36,0
DA:38,1
DA:65,0
DA:66,0
DA:67,0
DA:69,0
DA:71,0
DA:73,1
DA:91,0
DA:93,0
DA:96,1
DA:114,0
DA:116,0
DA:120,1
DA:122,0
DA:124,0
DA:128,1
DA:134,0
DA:136,0
DA:140,1
DA:143,0
DA:145,0
DA:149,1
DA:150,0
DA:151,0
DA:152,0
DA:154,0
DA:155,0
DA:157,0
DA:158,0
DA:160,0
DA:162,0
DA:163,0
DA:165,0
DA:167,0
DA:169,0
DA:171,0
DA:173,0
DA:174,0
DA:176,0
DA:177,0
DA:178,0
DA:180,0
DA:184,1
DA:230,0
DA:231,0
DA:232,0
DA:233,0
DA:234,0
DA:241,0
DA:244,1
DA:278,0
DA:279,0
DA:280,0
DA:281,0
DA:284,1
DA:320,0
DA:323,1
DA:355,0
DA:358,1
DA:397,0
DA:398,0
DA:404,0
DA:405,0
DA:407,0
DA:410,1
DA:448,0
DA:449,0
DA:455,0
DA:456,0
DA:458,0
DA:461,1
DA:487,0
DA:490,1
DA:516,0
DA:519,1
DA:555,0
DA:557,0
DA:558,0
DA:560,0
DA:562,0
DA:565,1
DA:601,0
DA:603,0
DA:604,0
DA:606,0
DA:608,0
DA:611,1
DA:642,0
DA:645,1
DA:676,0
DA:679,1
DA:710,0
DA:713,1
DA:744,0
DA:747,1
DA:791,0
DA:792,0
DA:793,0
DA:794,0
DA:795,0
DA:796,0
DA:800,0
DA:803,1
DA:845,0
DA:846,0
DA:847,0
DA:849,0
DA:852,1
DA:884,0
DA:885,0
DA:886,0
DA:892,1
DA:939,0
DA:941,0
DA:946,0
DA:947,0
DA:949,0
DA:950,0
DA:952,0
DA:955,1
DA:1006,0
DA:1007,0
DA:1012,0
DA:1016,0
DA:1018,0
DA:1019,0
DA:1021,0
DA:1024,1
DA:1057,0
DA:1059,0
DA:1060,0
DA:1062,0
DA:1065,1
DA:1098,0
DA:1100,0
DA:1101,0
DA:1103,0
DA:1105,1
DA:1139,0
DA:1141,0
DA:1142,0
DA:1144,0
DA:1146,0
DA:1148,1
DA:1172,0
DA:1173,0
DA:1176,1
DA:1211,0
DA:1212,0
DA:1214,0
DA:1216,0
DA:1219,1
DA:1254,0
DA:1255,0
DA:1257,0
DA:1259,0
DA:1262,1
DA:1292,0
DA:1294,0
DA:1297,1
DA:1323,0
DA:1325,0
LF:169
LH:39
FN:12,36,wet_bulb_temperature_inst
FNDA:0,wet_bulb_temperature_inst
FN:38,71,wet_bulb_temperature_inst_new
FNDA:0,wet_bulb_temperature_inst_new
FN:73,93,dew_point_temperature_inst
FNDA:0,dew_point_temperature_inst
FN:96,116,dew_point_temperature_coarse_inst
FNDA:0,dew_point_temperature_coarse_inst
FN:120,124,latent_heat_iter
FNDA:0,latent_heat_iter
FN:128,136,psychometric_constant_iter
FNDA:0,psychometric_constant_iter
FN:140,145,vapor_pressure_iter
FNDA:0,vapor_pressure_iter
FN:149,180,wetbulb_temperature_iter
FNDA:0,wetbulb_temperature_iter
FN:184,241,psi_m
FNDA:0,psi_m
FN:244,281,psi_h
FNDA:0,psi_h
FN:284,320,initial_friction_velocity_inst
FNDA:0,initial_friction_velocity_inst
FN:323,355,atmospheric_emissivity_inst
FNDA:0,atmospheric_emissivity_inst
FN:358,407,net_radiation_bare
FNDA:0,net_radiation_bare
FN:410,458,net_radiation_full
FNDA:0,net_radiation_full
FN:461,487,sensible_heat_flux_bare
FNDA:0,sensible_heat_flux_bare
FN:490,516,sensible_heat_flux_full
FNDA:0,sensible_heat_flux_full
FN:519,562,wind_speed_blending_height_bare
FNDA:0,wind_speed_blending_height_bare
FN:565,608,wind_speed_blending_height_full_inst
FNDA:0,wind_speed_blending_height_full_inst
FN:611,642,friction_velocity_full_inst
FNDA:0,friction_velocity_full_inst
FN:645,676,friction_velocity_bare_inst
FNDA:0,friction_velocity_bare_inst
FN:679,710,monin_obukhov_length_bare
FNDA:0,monin_obukhov_length_bare
FN:713,744,monin_obukhov_length_full
FNDA:0,monin_obukhov_length_full
FN:747,800,aerodynamical_resistance_forced_convection_full
[...]
DA:67,0
DA:68,0
DA:70,0
DA:71,0
DA:72,0
DA:73,0
DA:75,1
DA:88,1
DA:89,1
DA:90,1
DA:91,1
DA:92,0
DA:93,0
DA:94,1
DA:96,1
DA:105,1
DA:106,1
DA:107,0
DA:109,1
DA:110,1
DA:111,1
DA:112,1
DA:113,1
DA:114,1
DA:115,1
DA:116,1
DA:118,1
DA:119,1
DA:120,1
DA:121,1
DA:122,0
DA:123,0
DA:125,1
DA:126,1
DA:127,0
DA:128,0
DA:130,1
DA:131,0
DA:132,0
DA:133,0
DA:134,0
DA:135,0
DA:136,0
DA:137,0
DA:138,0
DA:140,0
DA:142,0
DA:143,0
DA:144,0
DA:146,0
DA:147,0
DA:149,1
DA:151,0
DA:152,0
DA:153,0
DA:154,0
DA:156,0
DA:157,0
DA:159,0
DA:161,0
DA:162,0
DA:164,0
DA:166,0
DA:167,0
DA:168,0
DA:169,0
DA:171,0
DA:173,0
DA:175,1
DA:195,1
DA:197,1
DA:198,1
DA:200,1
DA:201,1
DA:203,1
DA:205,1
DA:206,1
DA:207,0
DA:209,1
DA:210,1
DA:212,1
DA:214,1
DA:216,1
DA:235,1
DA:236,1
DA:237,1
DA:238,0
DA:240,1
DA:241,1
DA:242,1
DA:244,1
DA:245,1
DA:246,1
DA:247,1
DA:248,1
DA:249,1
DA:250,1
DA:251,1
DA:252,1
DA:253,1
DA:254,1
DA:255,1
DA:256,1
DA:258,1
DA:259,1
DA:283,1
DA:284,0
DA:285,0
DA:286,0
DA:288,1
DA:289,1
DA:291,1
DA:292,1
DA:293,0
DA:295,1
DA:296,1
DA:297,1
DA:298,1
DA:300,1
DA:301,1
DA:303,1
DA:305,1
DA:306,1
DA:307,1
DA:308,1
DA:310,1
DA:311,1
DA:312,1
DA:313,1
DA:320,1
DA:321,1
DA:322,1
DA:323,1
DA:324,1
DA:325,1
DA:326,1
DA:327,1
DA:328,1
DA:329,1
DA:331,1
DA:332,1
DA:333,1
DA:335,1
DA:336,1
DA:337,1
DA:338,1
DA:339,1
DA:340,1
DA:342,1
DA:344,1
DA:345,1
DA:347,1
DA:349,1
DA:351,1
DA:368,1
DA:369,1
DA:370,1
DA:371,1
DA:373,1
DA:374,0
DA:375,0
DA:376,0
DA:377,0
DA:378,0
DA:379,0
DA:380,0
DA:381,0
DA:382,0
DA:383,0
DA:384,0
DA:385,0
DA:386,0
DA:388,1
DA:391,0
DA:392,0
DA:393,0
DA:394,0
DA:395,0
DA:396,0
DA:397,0
DA:398,0
DA:399,0
DA:400,0
DA:401,0
DA:402,0
DA:403,0
DA:404,0
DA:405,0
DA:406,0
DA:407,0
DA:408,0
DA:409,0
DA:410,0
DA:411,0
DA:412,0
DA:413,0
DA:414,0
DA:415,0
DA:416,0
DA:417,0
DA:419,1
DA:420,0
DA:421,0
DA:422,0
DA:423,0
DA:425,0
DA:426,0
DA:427,0
DA:428,0
DA:429,0
DA:430,0
DA:431,0
DA:432,0
DA:433,0
DA:435,0
DA:436,0
DA:437,0
DA:439,1
DA:440,0
DA:441,0
DA:442,0
DA:443,0
DA:444,0
DA:445,0
DA:447,1
DA:448,0
DA:449,0
DA:450,0
DA:451,0
DA:453,1
DA:470,1
DA:471,1
DA:473,1
DA:475,0
DA:477,0
DA:478,0
DA:479,0
DA:480,0
DA:481,0
DA:482,0
DA:483,0
DA:485,0
LF:290
LH:138
FN:19,26,func_from_string
FNDA:0,func_from_string
FN:28,57,remove_temp_files
FNDA:0,remove_temp_files
FN:59,73,log_example_ds
FNDA:0,log_example_ds
FN:75,94,adjust_timelim_dtype
FNDA:1,adjust_timelim_dtype
FN:96,128,remove_ds
FNDA:1,remove_ds
FN:130,147,is_corrupt_or_empty
FNDA:0,is_corrupt_or_empty
FN:149,173,has_wrong_bb_or_period
FNDA:0,has_wrong_bb_or_period
FN:175,214,process_ds
FNDA:1,process_ds
FN:216,256,make_example_ds
FNDA:1,make_example_ds
FN:259,349,save_ds
FNDA:1,save_ds
FN:351,371,open_ds
FNDA:1,open_ds
FN:373,386,create_dummy_mask
FNDA:0,create_dummy_mask
FN:388,417,create_dummy_ds
FNDA:0,create_dummy_ds
FN:419,437,determine_dtype
FNDA:0,determine_dtype
FN:439,445,create_wkt
FNDA:0,create_wkt
FN:447,451,unpack
FNDA:0,unpack
FN:453,471,transform_bb
FNDA:1,transform_bb
FNF:17
FNH:7
end_of_record
SF:pywapor/general/reproject.py
DA:1,1
DA:2,1
DA:3,1
DA:4,1
DA:5,1
DA:6,1
DA:7,1
DA:8,1
DA:9,1
DA:10,1
DA:11,1
DA:12,1
DA:13,1
DA:14,1
DA:16,1
DA:30,0
DA:32,0
DA:34,0
DA:36,0
DA:37,0
DA:39,1
DA:52,0
DA:53,0
DA:55,0
DA:56,0
DA:58,1
DA:71,0
DA:72,0
DA:73,0
DA:74,0
DA:75,0
DA:76,0
DA:77,0
DA:78,0
DA:79,0
DA:80,0
DA:81,0
DA:82,0
DA:84,1
DA:110,0
DA:112,0
DA:113,0
DA:114,0
DA:116,0
DA:117,0
DA:119,0
DA:120,0
DA:121,0
DA:122,0
DA:123,0
DA:124,0
DA:125,0
DA:126,0
DA:127,0
DA:128,0
DA:130,0
DA:133,0
DA:135,0
DA:137,1
DA:152,0
DA:153,0
DA:154,0
DA:155,0
DA:156,0
DA:157,0
DA:159,1
DA:179,0
DA:180,0
DA:182,0
DA:184,0
DA:185,0
DA:187,0
DA:189,0
DA:191,1
DA:211,0
DA:219,0
DA:220,0
DA:222,0
DA:224,0
DA:226,0
DA:228,1
DA:255,0
DA:257,0
DA:259,0
DA:260,0
DA:262,0
DA:264,0
DA:266,0
DA:268,0
DA:270,1
DA:290,0
DA:291,0
DA:292,0
DA:294,0
DA:295,0
DA:296,0
DA:297,0
DA:298,0
DA:299,0
DA:301,0
DA:303,0
DA:313,0
DA:315,0
DA:324,0
DA:326,0
DA:328,0
DA:329,0
DA:330,0
DA:331,0
DA:332,0
DA:334,0
DA:336,0
DA:338,0
DA:339,0
DA:341,0
DA:343,0
DA:344,0
DA:345,0
DA:347,0
DA:349,0
DA:350,0
DA:352,0
DA:353,0
DA:354,0
DA:356,0
DA:357,0
DA:359,0
DA:360,0
DA:362,0
DA:364,1
DA:368,0
DA:369,0
DA:370,0
DA:375,0
LF:134
LH:24
FN:16,37,get_pixel_sizes
FNDA:0,get_pixel_sizes
FN:39,56,has_changed
FNDA:0,has_changed
FN:58,82,has_geotransform
FNDA:0,has_geotransform
FN:84,135,align_pixels
FNDA:0,align_pixels
FN:137,157,needs_reprojecting
FNDA:0,needs_reprojecting
FN:159,189,choose_reprojecter
FNDA:0,choose_reprojecter
FN:191,226,reproject_bulk
FNDA:0,reproject_bulk
FN:228,268,reproject
FNDA:0,reproject
FN:270,362,reproject_chunk
FNDA:0,reproject_chunk
FN:329,332,reproject_chunk._save_warped_vrt
FNDA:0,reproject_chunk._save_warped_vrt
FNF:10
FNH:0
end_of_record
SF:pywapor/general/units.py
end_of_record
SF:pywapor/general/variables.py
DA:4,1
DA:5,1
DA:6,1
DA:8,1
DA:22,0
DA:24,0
DA:26,0
DA:28,0
DA:30,0
DA:32,0
DA:33,0
DA:35,0
DA:37,0
DA:39,1
DA:53,0
DA:54,0
DA:56,0
DA:58,0
DA:60,0
DA:61,0
DA:62,0
DA:64,0
DA:66,0
DA:68,0
DA:70,0
DA:72,1
DA:73,0
DA:74,0
DA:75,0
DA:76,0
DA:77,0
DA:79,0
DA:80,0
DA:81,0
DA:82,0
DA:84,1
DA:85,0
DA:86,0
DA:87,0
DA:88,0
DA:89,0
DA:91,0
DA:92,0
DA:93,0
DA:94,0
DA:95,0
DA:96,0
DA:97,0
DA:98,0
DA:99,0
DA:100,0
DA:102,1
DA:116,0
DA:117,0
DA:118,0
DA:119,0
DA:120,0
DA:121,0
DA:123,1
DA:134,0
DA:1146,0
LF:61
LH:9
FN:8,37,fill_attrs
FNDA:0,fill_attrs
FN:39,70,initiate_ds
FNDA:0,initiate_ds
FN:72,82,flatten
FNDA:0,flatten
FN:74,80,flatten._flatten
FNDA:0,flatten._flatten
FN:84,100,iterate
FNDA:0,iterate
FN:102,121,fill_source_data_attr
FNDA:0,fill_source_data_attr
FN:123,1146,get_var_definitions
FNDA:0,get_var_definitions
FNF:7
FNH:0
end_of_record
SF:pywapor/main.py
DA:1,1
DA:2,1
DA:3,1
DA:4,1
DA:5,1
DA:6,1
DA:7,1
DA:8,1
DA:9,1
DA:10,1
DA:11,1
DA:12,1
DA:13,1
DA:14,1
DA:15,1
DA:16,1
DA:18,1
DA:20,1
DA:31,1
DA:32,1
DA:33,1
DA:35,1
DA:46,1
DA:78,1
DA:79,1
DA:80,1
DA:82,1
DA:83,1
DA:84,1
DA:86,1
DA:88,1
DA:89,0
DA:90,0
DA:91,0
DA:93,0
DA:94,0
DA:96,0
DA:97,1
DA:99,0
DA:100,0
DA:102,1
DA:103,1
DA:105,0
DA:106,0
DA:107,0
DA:109,0
DA:111,1
DA:118,0
DA:120,1
DA:121,1
DA:122,1
DA:123,0
DA:124,0
DA:125,0
DA:126,0
DA:127,0
DA:129,0
DA:130,0
DA:131,0
DA:132,1
DA:138,1
DA:140,0
DA:142,1
DA:143,1
DA:144,1
DA:146,0
DA:147,0
DA:148,0
DA:149,0
DA:151,0
DA:163,0
DA:165,0
DA:166,0
DA:167,0
DA:168,0
DA:169,0
DA:170,0
DA:172,0
DA:173,0
DA:175,0
DA:177,0
DA:179,0
DA:181,1
DA:182,1
DA:188,0
DA:189,0
DA:190,0
DA:191,0
DA:192,0
DA:193,0
DA:194,0
DA:195,0
DA:196,0
DA:197,1
DA:198,1
DA:200,1
DA:201,1
DA:203,1
DA:204,0
DA:205,0
DA:207,1
DA:208,1
DA:209,1
DA:210,0
DA:211,0
DA:212,0
DA:213,0
DA:214,0
DA:215,0
DA:216,1
DA:217,1
DA:219,1
DA:222,1
DA:223,0
DA:224,0
DA:226,1
DA:227,1
DA:228,1
DA:230,0
DA:231,0
DA:232,0
DA:233,0
DA:234,0
DA:236,0
DA:237,0
DA:238,0
DA:240,0
DA:242,0
DA:243,0
DA:244,0
DA:245,0
DA:246,0
DA:248,0
DA:249,0
DA:250,0
DA:252,0
DA:253,0
DA:255,0
DA:256,0
DA:258,0
DA:259,0
DA:261,0
DA:262,0
DA:263,0
DA:264,0
DA:265,0
DA:267,0
DA:269,0
DA:276,0
DA:277,0
DA:278,0
DA:280,0
DA:281,0
DA:283,0
DA:285,0
DA:286,0
DA:288,0
DA:289,0
DA:292,0
DA:293,0
DA:294,0
DA:296,0
DA:298,0
DA:300,1
DA:308,0
DA:309,1
DA:310,1
DA:311,1
DA:312,1
DA:313,0
DA:314,0
DA:316,1
DA:317,1
DA:318,1
DA:319,0
DA:320,0
DA:321,0
DA:322,0
DA:323,0
DA:324,1
DA:325,0
DA:326,0
DA:327,1
DA:328,0
DA:329,1
DA:330,0
DA:331,0
DA:332,0
DA:334,1
DA:335,1
DA:336,0
DA:337,1
DA:338,0
DA:339,0
DA:340,1
DA:341,0
DA:342,1
DA:343,0
DA:344,0
DA:345,0
DA:347,1
DA:348,1
DA:350,0
DA:352,0
DA:354,0
DA:355,0
DA:356,0
DA:357,0
DA:358,0
DA:359,0
DA:360,0
DA:361,0
DA:362,0
DA:363,0
DA:364,0
DA:366,0
DA:368,0
DA:369,1
DA:370,0
DA:371,0
DA:372,1
DA:374,1
DA:376,0
DA:377,0
DA:379,1
DA:380,1
DA:382,0
DA:384,0
DA:386,0
DA:387,0
DA:388,0
DA:389,0
DA:390,0
DA:391,0
DA:392,0
DA:393,0
DA:394,0
DA:395,0
DA:396,0
DA:397,0
DA:398,0
DA:400,0
DA:402,0
DA:403,1
DA:404,0
DA:405,0
DA:406,1
DA:408,1
DA:410,0
DA:411,0
DA:413,1
DA:414,1
DA:416,0
DA:417,0
DA:418,0
DA:419,0
DA:420,0
DA:421,0
DA:423,0
DA:424,0
DA:425,0
DA:426,0
DA:427,0
DA:428,0
DA:430,0
DA:432,0
DA:433,0
DA:434,0
DA:435,0
DA:436,0
DA:437,0
DA:438,0
DA:439,0
DA:440,0
DA:441,0
DA:442,0
DA:443,1
DA:444,0
DA:445,1
DA:447,0
DA:448,1
DA:449,0
DA:451,0
DA:453,1
DA:455,1
DA:457,0
DA:458,0
DA:459,0
DA:460,0
DA:461,0
DA:462,0
DA:463,0
DA:464,0
DA:465,0
DA:466,0
DA:467,0
DA:469,0
DA:470,0
DA:472,0
DA:474,0
DA:476,0
DA:477,0
DA:479,0
DA:481,0
DA:482,0
DA:483,0
DA:485,0
DA:487,0
DA:488,0
DA:490,0
DA:492,0
DA:493,0
DA:494,1
DA:496,0
DA:498,0
DA:499,1
DA:500,0
DA:501,0
DA:502,0
DA:504,1
DA:505,1
DA:511,0
DA:512,1
DA:513,0
DA:514,0
DA:515,1
DA:516,0
DA:518,0
DA:519,0
DA:520,0
DA:522,1
DA:523,1
DA:524,0
DA:525,0
DA:526,0
DA:527,0
DA:528,0
DA:529,0
DA:530,1
DA:532,0
DA:533,1
DA:534,0
DA:536,0
DA:537,0
DA:538,0
DA:540,1
DA:541,1
DA:555,0
DA:557,1
DA:558,1
DA:559,0
DA:560,0
DA:561,0
DA:562,0
DA:563,0
DA:564,0
DA:565,0
DA:566,0
DA:567,0
DA:569,0
DA:571,0
DA:572,0
DA:574,0
DA:575,1
DA:577,0
DA:578,0
DA:580,1
DA:581,1
DA:582,0
DA:583,0
DA:584,0
DA:585,0
DA:586,0
DA:587,0
DA:588,0
DA:589,0
DA:590,0
DA:592,0
DA:593,0
DA:594,0
DA:596,0
DA:597,0
DA:599,0
DA:601,0
DA:602,0
DA:603,0
DA:604,0
DA:605,0
DA:606,0
DA:607,0
DA:608,0
DA:610,0
DA:612,0
DA:613,0
DA:614,0
DA:615,0
DA:616,0
DA:617,0
DA:618,0
DA:619,0
DA:620,0
DA:622,0
DA:624,0
DA:625,0
DA:627,0
DA:628,1
DA:629,0
DA:631,1
DA:633,1
DA:634,0
DA:636,0
DA:638,1
DA:640,0
DA:641,0
DA:642,0
DA:643,0
DA:645,0
DA:646,0
DA:647,0
DA:648,0
DA:649,0
DA:650,0
DA:651,0
DA:652,0
DA:654,0
DA:656,0
DA:657,0
DA:658,0
DA:659,0
DA:660,0
DA:661,0
DA:663,0
DA:664,0
DA:665,0
DA:666,0
DA:667,0
DA:668,0
DA:669,0
DA:671,0
DA:673,0
DA:674,0
DA:675,0
DA:676,0
DA:677,0
DA:678,0
DA:679,1
DA:680,1
DA:681,0
DA:683,1
DA:684,1
DA:685,1
DA:686,0
DA:687,0
DA:689,1
DA:690,1
DA:692,0
DA:693,0
DA:695,0
DA:697,1
DA:698,0
DA:700,1
DA:701,0
DA:703,0
DA:705,0
DA:707,1
DA:709,0
DA:711,0
DA:722,0
DA:723,0
DA:724,0
DA:725,0
DA:726,0
DA:727,0
DA:728,0
DA:729,0
DA:731,0
DA:732,0
DA:734,0
DA:735,1
DA:737,0
DA:738,0
DA:740,1
DA:741,1
DA:743,0
DA:745,0
DA:746,0
DA:747,0
DA:749,0
DA:750,0
DA:751,0
DA:752,0
DA:755,0
DA:756,0
DA:758,0
DA:767,0
DA:776,0
DA:777,1
DA:785,0
DA:787,0
DA:789,0
DA:791,1
DA:792,1
DA:793,1
DA:795,1
DA:796,0
DA:797,0
DA:798,0
DA:800,1
DA:801,1
DA:807,0
DA:809,1
DA:810,1
DA:811,1
DA:813,1
DA:814,0
DA:815,0
DA:816,0
DA:818,1
DA:819,1
DA:825,0
DA:827,1
DA:829,0
DA:830,0
DA:831,0
DA:832,0
DA:833,0
DA:835,0
DA:837,0
DA:850,0
DA:856,0
DA:879,0
DA:883,0
DA:884,0
LF:533
LH:141
FN:79,80,Configuration.source_func
FNDA:1,Configuration.source_func
FN:83,84,Configuration.pname_func
FNDA:1,Configuration.pname_func
FN:86,100,Configuration.__init__
FNDA:1,Configuration.__init__
FN:102,118,Configuration.__repr__
FNDA:1,Configuration.__repr__
FN:121,140,Configuration.default_enhancers
FNDA:1,Configuration.default_enhancers
FN:143,179,Configuration.from_name
FNDA:1,Configuration.from_name
FN:181,205,Configuration.to_json
FNDA:1,Configuration.to_json
FN:189,201,Configuration.to_json.EncodeSetTuple.encode
FNDA:1,Configuration.to_json.EncodeSetTuple.encode
FN:190,200,Configuration.to_json.EncodeSetTuple.encode.hint_tuples
FNDA:1,Configuration.to_json.EncodeSetTuple.encode.hint_tuples
FN:208,224,Configuration.from_json
FNDA:1,Configuration.from_json
FN:210,215,Configuration.from_json.decode_set
FNDA:0,Configuration.from_json.decode_set
FN:227,314,Configuration.from_summary
FNDA:1,Configuration.from_summary
FN:317,332,Configuration.has_var
FNDA:1,Configuration.has_var
FN:334,345,Configuration.validate
FNDA:1,Configuration.validate
FN:347,377,Configuration.update_se_root_config
FNDA:1,Configuration.update_se_root_config
FN:379,411,Configuration.update_et_look_config
FNDA:1,Configuration.update_et_look_config
FN:413,451,Configuration.summarize
FNDA:1,Configuration.summarize
FN:455,502,Project.__init__
FNDA:1,Project.__init__
FN:504,520,Project.check_gdal_drivers
FNDA:1,Project.check_gdal_drivers
FN:522,538,Project.check_pywapor_version
FNDA:1,Project.check_pywapor_version
FN:540,555,Project.__repr__
FNDA:1,Project.__repr__
FN:557,578,Project.load_configuration
FNDA:1,Project.load_configuration
FN:580,636,Project.validate_project_folder
FNDA:1,Project.validate_project_folder
FN:638,687,Project.clean_project_folder
FNDA:1,Project.clean_project_folder
FN:690,705,Project.parse_log_file
FNDA:1,Project.parse_log_file
FN:707,738,Project.set_passwords
FNDA:1,Project.set_passwords
FN:740,789,Project.download_data
FNDA:1,Project.download_data
FN:791,798,Project.run_pre_se_root
FNDA:1,Project.run_pre_se_root
FN:800,807,Project.run_se_root
FNDA:1,Project.run_se_root
FN:809,816,Project.run_pre_et_look
FNDA:1,Project.run_pre_et_look
FN:818,825,Project.run_et_look
FNDA:1,Project.run_et_look
FNF:31
FNH:30
end_of_record
SF:pywapor/post_et_look.py
DA:1,1
DA:2,1
DA:3,1
DA:4,1
DA:5,1
DA:6,1
DA:7,1
DA:8,1
DA:9,1
DA:10,1
DA:12,1
DA:13,1
DA:15,0
DA:16,1
DA:17,1
DA:18,0
DA:19,0
DA:20,1
DA:21,1
DA:23,1
DA:25,1
DA:26,0
DA:27,0
DA:28,0
DA:29,0
DA:30,0
DA:31,0
DA:32,0
DA:34,0
DA:35,0
DA:36,0
DA:37,0
DA:38,0
DA:39,0
DA:40,0
DA:41,0
DA:42,0
DA:44,0
DA:45,0
DA:47,0
DA:49,1
DA:50,0
DA:51,0
DA:52,0
DA:53,0
DA:56,0
DA:58,1
DA:60,0
DA:61,0
DA:63,0
DA:65,0
DA:66,0
DA:67,0
DA:68,0
DA:70,0
DA:72,0
DA:73,0
DA:75,0
DA:77,0
DA:79,0
DA:83,0
DA:84,0
DA:86,0
DA:88,0
DA:90,0
DA:91,0
DA:93,0
DA:94,0
DA:96,0
DA:98,1
DA:101,0
DA:103,0
DA:105,0
DA:107,0
DA:108,0
DA:109,0
DA:110,0
DA:112,0
DA:113,0
DA:115,0
DA:117,1
DA:119,0
DA:120,0
DA:122,0
DA:123,0
DA:124,0
DA:126,0
DA:128,1
DA:130,0
DA:131,0
DA:133,0
DA:136,0
DA:137,0
DA:139,0
DA:140,0
DA:142,0
DA:144,1
DA:146,0
DA:147,0
DA:149,0
DA:151,0
DA:153,0
DA:155,0
DA:157,1
DA:160,0
DA:161,0
DA:162,0
DA:163,0
DA:165,0
DA:167,0
DA:169,0
DA:171,0
DA:177,0
DA:179,0
DA:181,0
DA:182,0
DA:184,0
DA:185,0
DA:186,0
DA:187,0
DA:188,0
DA:189,0
DA:191,0
DA:193,0
DA:195,0
DA:196,0
DA:198,0
DA:199,0
DA:200,0
DA:202,0
DA:204,0
DA:206,0
DA:208,0
DA:211,0
DA:212,0
DA:214,0
DA:215,0
DA:217,0
DA:219,1
DA:221,0
DA:223,0
DA:224,0
DA:225,0
DA:226,0
DA:228,0
DA:229,0
DA:232,0
DA:234,0
DA:235,0
DA:237,0
DA:239,0
DA:242,0
DA:244,0
DA:246,0
DA:247,0
DA:249,0
DA:251,0
DA:253,0
DA:254,0
DA:256,0
DA:260,0
DA:261,0
DA:262,0
DA:263,0
DA:264,0
DA:266,0
DA:268,0
DA:269,0
DA:270,0
DA:271,0
DA:273,0
DA:274,0
DA:275,0
DA:276,0
DA:278,0
DA:279,0
DA:280,0
DA:282,0
DA:283,0
DA:284,0
DA:285,0
DA:287,0
DA:288,0
DA:290,0
DA:292,1
DA:294,0
DA:296,0
DA:297,0
DA:298,0
DA:299,0
DA:300,0
DA:302,0
DA:303,0
DA:304,0
DA:306,0
DA:307,0
DA:308,0
DA:309,0
DA:310,0
DA:312,0
DA:313,0
DA:314,0
DA:316,0
DA:317,0
DA:318,0
DA:319,0
DA:320,0
DA:321,0
DA:322,0
DA:323,0
DA:325,0
DA:327,0
DA:328,0
DA:329,0
DA:331,0
DA:332,0
DA:333,0
DA:334,0
DA:335,0
DA:337,0
DA:338,0
DA:340,0
DA:342,0
DA:346,0
DA:347,0
DA:348,0
DA:350,0
DA:351,0
DA:353,0
DA:354,0
DA:356,0
DA:357,0
DA:358,0
DA:359,0
DA:360,0
DA:361,0
DA:362,0
DA:364,0
DA:365,0
DA:366,0
DA:367,0
DA:368,0
DA:369,0
DA:371,0
DA:372,0
DA:374,0
DA:375,0
DA:377,0
DA:379,0
DA:380,0
DA:381,0
DA:382,0
DA:383,0
DA:385,0
DA:386,0
DA:387,0
DA:388,0
DA:389,0
DA:391,0
DA:392,0
DA:393,0
DA:394,0
DA:395,0
DA:397,0
DA:398,0
DA:399,0
DA:401,0
DA:402,0
DA:403,0
DA:405,0
DA:407,0
DA:408,0
DA:410,0
DA:412,1
DA:414,0
DA:416,0
DA:417,0
DA:419,0
DA:420,0
DA:422,0
DA:423,0
DA:425,0
DA:427,0
DA:428,0
DA:429,0
DA:430,0
DA:431,0
DA:435,0
DA:437,1
DA:439,0
DA:440,0
DA:441,0
DA:443,0
DA:444,0
DA:446,1
DA:447,0
DA:449,0
DA:451,0
DA:453,0
DA:455,0
DA:456,0
DA:457,0
DA:458,0
DA:460,1
DA:462,0
DA:465,0
DA:467,0
DA:468,0
DA:469,0
DA:470,0
DA:471,0
DA:472,0
DA:473,0
DA:475,0
DA:477,0
DA:480,0
DA:481,0
DA:482,0
DA:483,0
DA:485,0
DA:486,0
DA:488,0
DA:489,0
DA:490,0
DA:491,0
DA:493,0
DA:494,0
DA:496,0
DA:497,0
DA:499,0
DA:500,0
DA:501,0
DA:503,0
DA:504,0
DA:505,0
DA:506,0
DA:507,0
DA:509,1
DA:510,0
DA:511,0
DA:512,0
DA:514,0
DA:516,0
DA:517,0
DA:519,0
DA:521,0
DA:522,0
DA:523,0
DA:524,0
DA:526,1
DA:527,0
DA:528,0
DA:529,0
DA:530,0
DA:532,0
DA:534,1
DA:535,0
DA:536,0
DA:537,0
DA:538,0
DA:540,0
DA:541,0
DA:542,0
DA:543,0
DA:544,0
DA:545,0
DA:546,0
DA:547,0
DA:549,0
DA:551,1
DA:552,0
DA:553,0
DA:554,0
DA:555,0
DA:556,0
DA:557,0
DA:558,0
DA:559,0
DA:560,0
DA:561,0
DA:562,0
LF:381
LH:35
FN:25,47,prepare_dss
FNDA:0,prepare_dss
FN:49,56,determine_offsets
FNDA:0,determine_offsets
FN:58,96,open_data
FNDA:0,open_data
FN:98,115,calc_pearson_correlation
FNDA:0,calc_pearson_correlation
FN:117,126,calc_rmse
FNDA:0,calc_rmse
FN:128,142,calc_nash_sutcliffe
FNDA:0,calc_nash_sutcliffe
FN:144,155,calc_rel_bias
FNDA:0,calc_rel_bias
FN:157,217,plot_honeycomb
FNDA:0,plot_honeycomb
FN:219,290,plot_boxplots
FNDA:0,plot_boxplots
FN:292,410,compare_two_tifs
FNDA:0,compare_two_tifs
FN:412,435,plot_ts
FNDA:0,plot_ts
FN:437,444,plot_composite_ts
FNDA:0,plot_composite_ts
FN:446,458,check_bb
FNDA:0,check_bb
FN:460,507,plot_composite
FNDA:0,plot_composite
FN:509,524,plot_tif
FNDA:0,plot_tif
FN:526,532,prettyprint
FNDA:0,prettyprint
FN:534,549,plot_img
FNDA:0,plot_img
FN:551,562,plot_hexbin
FNDA:0,plot_hexbin
FNF:18
FNH:0
end_of_record
SF:pywapor/pre_et_look.py
DA:4,1
DA:5,1
DA:6,1
DA:7,1
DA:8,1
DA:9,1
DA:10,1
DA:11,1
DA:12,1
DA:13,1
DA:14,1
DA:15,1
DA:16,1
DA:18,1
DA:31,0
DA:33,0
DA:34,0
DA:35,0
DA:38,1
DA:54,0
DA:55,1
DA:56,1
DA:57,0
DA:58,0
DA:60,1
DA:73,0
DA:74,0
DA:76,1
DA:77,1
DA:78,0
DA:79,0
DA:80,0
DA:81,0
DA:82,0
DA:84,1
DA:85,1
DA:86,0
DA:87,0
DA:88,0
DA:89,0
DA:91,1
DA:117,0
DA:118,0
DA:120,0
DA:122,0
DA:123,0
DA:124,0
DA:126,0
DA:127,0
DA:129,0
DA:130,0
DA:132,0
DA:134,0
DA:136,0
DA:137,0
DA:140,0
DA:142,0
DA:143,0
DA:144,0
DA:145,0
DA:146,0
DA:148,0
DA:149,0
DA:151,0
DA:153,1
DA:159,0
LF:66
LH:24
FN:18,35,rename_vars
FNDA:0,rename_vars
FN:38,58,calc_doys
FNDA:1,calc_doys
FN:60,74,add_constants
FNDA:0,add_constants
FN:76,82,remove_empty_statics
FNDA:1,remove_empty_statics
FN:84,89,add_constants_new
FNDA:1,add_constants_new
FN:91,151,main
FNDA:0,main
FNF:6
FNH:3
end_of_record
SF:pywapor/pre_se_root.py
DA:5,1
DA:6,1
DA:7,1
DA:8,1
DA:9,1
DA:10,1
DA:11,1
DA:12,1
DA:13,1
DA:14,1
DA:15,1
DA:17,1
DA:30,0
DA:41,0
DA:42,0
DA:43,0
DA:45,1
DA:58,0
DA:59,0
DA:61,1
DA:62,0
DA:63,0
DA:64,0
DA:65,0
DA:66,0
DA:67,0
DA:69,1
DA:70,0
DA:71,0
DA:72,0
DA:73,0
DA:74,0
DA:76,1
DA:105,0
DA:106,0
DA:108,0
DA:109,0
DA:111,0
DA:112,0
DA:114,0
DA:115,0
DA:116,0
DA:118,0
DA:120,0
DA:121,0
DA:122,0
DA:123,0
DA:126,0
DA:127,0
DA:129,0
DA:130,0
DA:133,0
DA:134,0
DA:136,0
DA:137,0
DA:138,0
DA:139,0
DA:141,0
DA:143,0
DA:144,0
DA:145,0
DA:146,0
DA:147,0
DA:148,0
DA:149,0
DA:151,0
DA:152,0
DA:154,0
DA:156,1
DA:162,0
LF:70
LH:17
FN:17,43,rename_meteo
FNDA:0,rename_meteo
FN:45,59,add_constants
FNDA:0,add_constants
FN:61,67,remove_empty_statics
FNDA:0,remove_empty_statics
FN:69,74,add_constants_new
FNDA:0,add_constants_new
FN:76,154,main
FNDA:0,main
FNF:5
FNH:0
end_of_record
SF:pywapor/se_root.py
DA:5,1
DA:6,1
DA:7,1
DA:8,1
DA:9,1
DA:10,1
DA:11,1
DA:12,1
DA:13,1
DA:14,1
DA:15,1
DA:16,1
DA:17,1
DA:19,1
DA:42,0
DA:43,0
DA:44,0
DA:45,0
DA:46,0
DA:48,0
DA:49,0
DA:51,0
DA:52,0
DA:54,0
DA:56,1
DA:80,0
DA:81,0
DA:83,0
DA:84,0
DA:86,0
DA:88,0
DA:89,0
DA:92,0
DA:94,0
DA:98,0
DA:100,0
DA:102,0
DA:104,0
DA:105,0
DA:107,0
DA:108,0
DA:109,0
DA:110,0
DA:111,0
DA:112,0
DA:113,0
DA:115,0
DA:116,0
DA:118,0
DA:120,0
DA:122,0
DA:123,0
DA:124,0
DA:126,0
DA:128,0
DA:129,0
DA:130,0
DA:131,0
DA:132,0
DA:133,0
DA:134,0
DA:136,0
DA:137,0
DA:138,0
DA:139,0
DA:140,0
DA:141,0
DA:142,0
DA:143,0
DA:144,0
DA:145,0
DA:147,0
DA:148,0
DA:150,0
DA:151,0
DA:153,0
DA:154,0
DA:155,0
DA:157,0
DA:158,0
DA:159,0
DA:160,0
DA:162,0
DA:164,0
DA:165,0
DA:166,0
DA:168,0
DA:170,0
DA:171,0
DA:173,0
DA:174,0
DA:176,0
DA:177,0
DA:179,0
DA:180,0
DA:182,0
DA:183,0
DA:185,0
DA:187,0
DA:188,0
DA:189,0
DA:190,0
DA:193,0
DA:194,0
DA:195,0
DA:196,0
DA:197,0
DA:199,0
DA:201,0
DA:203,0
DA:204,0
DA:205,0
DA:206,0
DA:208,0
DA:209,0
DA:210,0
DA:211,0
DA:213,0
DA:214,0
DA:215,0
DA:216,0
DA:218,0
DA:219,0
DA:221,0
DA:223,1
DA:224,0
DA:225,0
DA:227,0
DA:228,0
DA:230,0
DA:231,0
DA:233,1
DA:235,0
DA:236,0
DA:237,0
LF:135
LH:17
FN:19,54,se_root
FNDA:0,se_root
FN:56,221,main
FNDA:0,main
FN:223,231,test_ds
FNDA:0,test_ds
FNF:3
FNH:0
end_of_record
